#
# There is insufficient memory for the Java Runtime Environment to continue.
# Native memory allocation (malloc) failed to allocate 106416 bytes for Chunk::new
# Possible reasons:
#   The system is out of physical RAM or swap space
#   The process is running with CompressedOops enabled, and the Java Heap may be blocking the growth of the native heap
# Possible solutions:
#   Reduce memory load on the system
#   Increase physical memory or swap space
#   Check if swap backing store is full
#   Decrease Java heap size (-Xmx/-Xms)
#   Decrease number of Java threads
#   Decrease Java thread stack sizes (-Xss)
#   Set larger code cache with -XX:ReservedCodeCacheSize=
#   JVM is running with Zero Based Compressed Oops mode in which the Java heap is
#     placed in the first 32GB address space. The Java Heap base address is the
#     maximum limit for the native heap growth. Please use -XX:HeapBaseMinAddress
#     to set the Java Heap base and to place the Java Heap above 32GB virtual address.
# This output file may be truncated or incomplete.
#
#  Out of Memory Error (./src/hotspot/share/memory/arena.cpp:197), pid=5664, tid=15956
#
# JRE version: OpenJDK Runtime Environment Corretto-11.0.14.9.1 (11.0.14+9) (build 11.0.14+9-LTS)
# Java VM: OpenJDK 64-Bit Server VM Corretto-11.0.14.9.1 (11.0.14+9-LTS, mixed mode, tiered, compressed oops, g1 gc, windows-amd64)
# No core dump will be written. Minidumps are not enabled by default on client versions of Windows
#

---------------  S U M M A R Y ------------

Command Line: -Dorg.jetbrains.run.directory=D:\mobileTesting\AppiumCucumber\src\test\resources\features -javaagent:C:\Program Files\JetBrains\IntelliJ IDEA Community Edition 2021.3.1\lib\idea_rt.jar=49835:C:\Program Files\JetBrains\IntelliJ IDEA Community Edition 2021.3.1\bin -Dfile.encoding=UTF-8 io.cucumber.core.cli.Main --plugin org.jetbrains.plugins.cucumber.java.run.CucumberJvm5SMFormatter --glue stepdefinition D:/mobileTesting/AppiumCucumber/src/test/resources/features/InterwievCalculator.feature

Host: Intel(R) Core(TM) i5-8250U CPU @ 1.60GHz, 8 cores, 19G,  Windows 10 , 64 bit Build 19041 (10.0.19041.1645)
Time: Mon May 30 14:21:19 2022 Bati Avrupa Yaz Saati elapsed time: 8.429303 seconds (0d 0h 0m 8s)

---------------  T H R E A D  ---------------

Current thread (0x00000264a7356000):  JavaThread "C2 CompilerThread0" daemon [_thread_in_native, id=15956, stack(0x000000bf58000000,0x000000bf58100000)]


Current CompileTask:
C2:   8429 2348   !   4       org.openqa.selenium.json.Input::init (71 bytes)

Stack: [0x000000bf58000000,0x000000bf58100000]
Native frames: (J=compiled Java code, j=interpreted, Vv=VM code, C=native code)
V  [jvm.dll+0x61e62a]
V  [jvm.dll+0x7ab569]
V  [jvm.dll+0x7acc58]
V  [jvm.dll+0x7ad333]
V  [jvm.dll+0x24f7f8]
V  [jvm.dll+0xc260c]
V  [jvm.dll+0xc2bcc]
V  [jvm.dll+0x359a97]
V  [jvm.dll+0x19e669]
V  [jvm.dll+0x208d42]
V  [jvm.dll+0x207e1d]
V  [jvm.dll+0x18a2d1]
V  [jvm.dll+0x217574]
V  [jvm.dll+0x2157bb]
V  [jvm.dll+0x76e0c0]
V  [jvm.dll+0x767024]
V  [jvm.dll+0x61d486]
C  [ucrtbase.dll+0x21bb2]
C  [KERNEL32.DLL+0x17034]
C  [ntdll.dll+0x52651]


---------------  P R O C E S S  ---------------

Threads class SMR info:
_java_thread_list=0x00000264a8aa0f80, length=18, elements={
0x00000264f8afb800, 0x00000264a72f4000, 0x00000264a72ff800, 0x00000264a734d800,
0x00000264a734e800, 0x00000264a7351000, 0x00000264a7356000, 0x00000264a735e800,
0x00000264a7372000, 0x00000264a74dd800, 0x00000264a7951800, 0x00000264a8b60800,
0x00000264a8de8000, 0x00000264a89cf000, 0x00000264a89d0000, 0x00000264a86af800,
0x00000264a89ca800, 0x00000264a8afe800
}

Java Threads: ( => current thread )
  0x00000264f8afb800 JavaThread "main" [_thread_in_vm, id=22592, stack(0x000000bf57400000,0x000000bf57500000)]
  0x00000264a72f4000 JavaThread "Reference Handler" daemon [_thread_blocked, id=14152, stack(0x000000bf57b00000,0x000000bf57c00000)]
  0x00000264a72ff800 JavaThread "Finalizer" daemon [_thread_blocked, id=20708, stack(0x000000bf57c00000,0x000000bf57d00000)]
  0x00000264a734d800 JavaThread "Signal Dispatcher" daemon [_thread_blocked, id=19248, stack(0x000000bf57d00000,0x000000bf57e00000)]
  0x00000264a734e800 JavaThread "Attach Listener" daemon [_thread_blocked, id=11860, stack(0x000000bf57e00000,0x000000bf57f00000)]
  0x00000264a7351000 JavaThread "Service Thread" daemon [_thread_blocked, id=5348, stack(0x000000bf57f00000,0x000000bf58000000)]
=>0x00000264a7356000 JavaThread "C2 CompilerThread0" daemon [_thread_in_native, id=15956, stack(0x000000bf58000000,0x000000bf58100000)]
  0x00000264a735e800 JavaThread "C1 CompilerThread0" daemon [_thread_blocked, id=11948, stack(0x000000bf58100000,0x000000bf58200000)]
  0x00000264a7372000 JavaThread "Sweeper thread" daemon [_thread_blocked, id=5324, stack(0x000000bf58200000,0x000000bf58300000)]
  0x00000264a74dd800 JavaThread "Common-Cleaner" daemon [_thread_blocked, id=22304, stack(0x000000bf58300000,0x000000bf58400000)]
  0x00000264a7951800 JavaThread "Monitor Ctrl-Break" daemon [_thread_in_native, id=8180, stack(0x000000bf58500000,0x000000bf58600000)]
  0x00000264a8b60800 JavaThread "ForkJoinPool.commonPool-worker-3" daemon [_thread_blocked, id=17940, stack(0x000000bf58f00000,0x000000bf59000000)]
  0x00000264a8de8000 JavaThread "ForkJoinPool.commonPool-worker-5" daemon [_thread_blocked, id=24008, stack(0x000000bf59000000,0x000000bf59100000)]
  0x00000264a89cf000 JavaThread "ForkJoinPool.commonPool-worker-7" daemon [_thread_blocked, id=20804, stack(0x000000bf59100000,0x000000bf59200000)]
  0x00000264a89d0000 JavaThread "ForkJoinPool.commonPool-worker-9" daemon [_thread_blocked, id=15040, stack(0x000000bf59200000,0x000000bf59300000)]
  0x00000264a86af800 JavaThread "OkHttp ConnectionPool" daemon [_thread_blocked, id=17024, stack(0x000000bf58e00000,0x000000bf58f00000)]
  0x00000264a89ca800 JavaThread "Okio Watchdog" daemon [_thread_blocked, id=4516, stack(0x000000bf59300000,0x000000bf59400000)]
  0x00000264a8afe800 JavaThread "C2 CompilerThread1" daemon [_thread_in_native, id=16132, stack(0x000000bf59400000,0x000000bf59500000)]

Other Threads:
  0x00000264a72d0000 VMThread "VM Thread" [stack: 0x000000bf57a00000,0x000000bf57b00000] [id=4092]
  0x00000264a7b68800 WatcherThread [stack: 0x000000bf58600000,0x000000bf58700000] [id=24560]
  0x00000264f8b14000 GCTaskThread "GC Thread#0" [stack: 0x000000bf57500000,0x000000bf57600000] [id=15892]
  0x00000264a84dd800 GCTaskThread "GC Thread#1" [stack: 0x000000bf58400000,0x000000bf58500000] [id=16196]
  0x00000264a84f2800 GCTaskThread "GC Thread#2" [stack: 0x000000bf58700000,0x000000bf58800000] [id=15432]
  0x00000264a8168800 GCTaskThread "GC Thread#3" [stack: 0x000000bf58800000,0x000000bf58900000] [id=16160]
  0x00000264a8245800 GCTaskThread "GC Thread#4" [stack: 0x000000bf58900000,0x000000bf58a00000] [id=11940]
  0x00000264a8246000 GCTaskThread "GC Thread#5" [stack: 0x000000bf58a00000,0x000000bf58b00000] [id=20772]
  0x00000264a7e5f000 GCTaskThread "GC Thread#6" [stack: 0x000000bf58b00000,0x000000bf58c00000] [id=14476]
  0x00000264f8b81000 ConcurrentGCThread "G1 Main Marker" [stack: 0x000000bf57600000,0x000000bf57700000] [id=15444]
  0x00000264f8b83800 ConcurrentGCThread "G1 Conc#0" [stack: 0x000000bf57700000,0x000000bf57800000] [id=4816]
  0x00000264a86ae800 ConcurrentGCThread "G1 Conc#1" [stack: 0x000000bf58d00000,0x000000bf58e00000] [id=23628]
  0x00000264a692d800 ConcurrentGCThread "G1 Refine#0" [stack: 0x000000bf57800000,0x000000bf57900000] [id=11872]
  0x00000264a692f800 ConcurrentGCThread "G1 Young RemSet Sampling" [stack: 0x000000bf57900000,0x000000bf57a00000] [id=22332]

Threads with active compile tasks:
C2 CompilerThread0   8513 2348   !   4       org.openqa.selenium.json.Input::init (71 bytes)
C2 CompilerThread1   8513 2394 %     4       sun.nio.cs.UTF_8$Encoder::encodeArrayLoop @ 73 (489 bytes)

VM state:not at safepoint (normal execution)

VM Mutex/Monitor currently owned by a thread: None

Heap address: 0x00000006c1e00000, size: 5090 MB, Compressed Oops mode: Zero based, Oop shift amount: 3
Narrow klass base: 0x0000000800000000, Narrow klass shift: 0
Compressed class space size: 1073741824 Address: 0x0000000800000000

Heap:
 garbage-first heap   total 327680K, used 35680K [0x00000006c1e00000, 0x0000000800000000)
  region size 1024K, 30 young (30720K), 2 survivors (2048K)
 Metaspace       used 26162K, capacity 26932K, committed 27056K, reserved 1073152K
  class space    used 2881K, capacity 3205K, committed 3328K, reserved 1048576K
Heap Regions: E=young(eden), S=young(survivor), O=old, HS=humongous(starts), HC=humongous(continues), CS=collection set, F=free, A=archive, TAMS=top-at-mark-start (previous, next)
|   0|0x00000006c1e00000, 0x00000006c1f00000, 0x00000006c1f00000|100%| O|  |TAMS 0x00000006c1f00000, 0x00000006c1e00000| Untracked 
|   1|0x00000006c1f00000, 0x00000006c2000000, 0x00000006c2000000|100%| O|  |TAMS 0x00000006c2000000, 0x00000006c1f00000| Untracked 
|   2|0x00000006c2000000, 0x00000006c2100000, 0x00000006c2100000|100%| O|  |TAMS 0x00000006c2100000, 0x00000006c2000000| Untracked 
|   3|0x00000006c2100000, 0x00000006c2200000, 0x00000006c2200000|100%| O|  |TAMS 0x00000006c2200000, 0x00000006c2100000| Untracked 
|   4|0x00000006c2200000, 0x00000006c2300000, 0x00000006c2300000|100%| O|  |TAMS 0x00000006c2300000, 0x00000006c2200000| Untracked 
|   5|0x00000006c2300000, 0x00000006c23ec000, 0x00000006c2400000| 92%| O|  |TAMS 0x00000006c23ec000, 0x00000006c2300000| Untracked 
|   6|0x00000006c2400000, 0x00000006c2400000, 0x00000006c2500000|  0%| F|  |TAMS 0x00000006c2400000, 0x00000006c2400000| Untracked 
|   7|0x00000006c2500000, 0x00000006c2500000, 0x00000006c2600000|  0%| F|  |TAMS 0x00000006c2500000, 0x00000006c2500000| Untracked 
|   8|0x00000006c2600000, 0x00000006c2600000, 0x00000006c2700000|  0%| F|  |TAMS 0x00000006c2600000, 0x00000006c2600000| Untracked 
|   9|0x00000006c2700000, 0x00000006c2700000, 0x00000006c2800000|  0%| F|  |TAMS 0x00000006c2700000, 0x00000006c2700000| Untracked 
|  10|0x00000006c2800000, 0x00000006c2800000, 0x00000006c2900000|  0%| F|  |TAMS 0x00000006c2800000, 0x00000006c2800000| Untracked 
|  11|0x00000006c2900000, 0x00000006c2900000, 0x00000006c2a00000|  0%| F|  |TAMS 0x00000006c2900000, 0x00000006c2900000| Untracked 
|  12|0x00000006c2a00000, 0x00000006c2a00000, 0x00000006c2b00000|  0%| F|  |TAMS 0x00000006c2a00000, 0x00000006c2a00000| Untracked 
|  13|0x00000006c2b00000, 0x00000006c2b00000, 0x00000006c2c00000|  0%| F|  |TAMS 0x00000006c2b00000, 0x00000006c2b00000| Untracked 
|  14|0x00000006c2c00000, 0x00000006c2c00000, 0x00000006c2d00000|  0%| F|  |TAMS 0x00000006c2c00000, 0x00000006c2c00000| Untracked 
|  15|0x00000006c2d00000, 0x00000006c2d00000, 0x00000006c2e00000|  0%| F|  |TAMS 0x00000006c2d00000, 0x00000006c2d00000| Untracked 
|  16|0x00000006c2e00000, 0x00000006c2e00000, 0x00000006c2f00000|  0%| F|  |TAMS 0x00000006c2e00000, 0x00000006c2e00000| Untracked 
|  17|0x00000006c2f00000, 0x00000006c2f00000, 0x00000006c3000000|  0%| F|  |TAMS 0x00000006c2f00000, 0x00000006c2f00000| Untracked 
|  18|0x00000006c3000000, 0x00000006c3000000, 0x00000006c3100000|  0%| F|  |TAMS 0x00000006c3000000, 0x00000006c3000000| Untracked 
|  19|0x00000006c3100000, 0x00000006c3100000, 0x00000006c3200000|  0%| F|  |TAMS 0x00000006c3100000, 0x00000006c3100000| Untracked 
|  20|0x00000006c3200000, 0x00000006c3200000, 0x00000006c3300000|  0%| F|  |TAMS 0x00000006c3200000, 0x00000006c3200000| Untracked 
|  21|0x00000006c3300000, 0x00000006c3300000, 0x00000006c3400000|  0%| F|  |TAMS 0x00000006c3300000, 0x00000006c3300000| Untracked 
|  22|0x00000006c3400000, 0x00000006c3400000, 0x00000006c3500000|  0%| F|  |TAMS 0x00000006c3400000, 0x00000006c3400000| Untracked 
|  23|0x00000006c3500000, 0x00000006c3500000, 0x00000006c3600000|  0%| F|  |TAMS 0x00000006c3500000, 0x00000006c3500000| Untracked 
|  24|0x00000006c3600000, 0x00000006c3600000, 0x00000006c3700000|  0%| F|  |TAMS 0x00000006c3600000, 0x00000006c3600000| Untracked 
|  25|0x00000006c3700000, 0x00000006c3700000, 0x00000006c3800000|  0%| F|  |TAMS 0x00000006c3700000, 0x00000006c3700000| Untracked 
|  26|0x00000006c3800000, 0x00000006c3800000, 0x00000006c3900000|  0%| F|  |TAMS 0x00000006c3800000, 0x00000006c3800000| Untracked 
|  27|0x00000006c3900000, 0x00000006c3900000, 0x00000006c3a00000|  0%| F|  |TAMS 0x00000006c3900000, 0x00000006c3900000| Untracked 
|  28|0x00000006c3a00000, 0x00000006c3a00000, 0x00000006c3b00000|  0%| F|  |TAMS 0x00000006c3a00000, 0x00000006c3a00000| Untracked 
|  29|0x00000006c3b00000, 0x00000006c3b00000, 0x00000006c3c00000|  0%| F|  |TAMS 0x00000006c3b00000, 0x00000006c3b00000| Untracked 
|  30|0x00000006c3c00000, 0x00000006c3c00000, 0x00000006c3d00000|  0%| F|  |TAMS 0x00000006c3c00000, 0x00000006c3c00000| Untracked 
|  31|0x00000006c3d00000, 0x00000006c3d00000, 0x00000006c3e00000|  0%| F|  |TAMS 0x00000006c3d00000, 0x00000006c3d00000| Untracked 
|  32|0x00000006c3e00000, 0x00000006c3e00000, 0x00000006c3f00000|  0%| F|  |TAMS 0x00000006c3e00000, 0x00000006c3e00000| Untracked 
|  33|0x00000006c3f00000, 0x00000006c3f00000, 0x00000006c4000000|  0%| F|  |TAMS 0x00000006c3f00000, 0x00000006c3f00000| Untracked 
|  34|0x00000006c4000000, 0x00000006c4000000, 0x00000006c4100000|  0%| F|  |TAMS 0x00000006c4000000, 0x00000006c4000000| Untracked 
|  35|0x00000006c4100000, 0x00000006c4100000, 0x00000006c4200000|  0%| F|  |TAMS 0x00000006c4100000, 0x00000006c4100000| Untracked 
|  36|0x00000006c4200000, 0x00000006c4200000, 0x00000006c4300000|  0%| F|  |TAMS 0x00000006c4200000, 0x00000006c4200000| Untracked 
|  37|0x00000006c4300000, 0x00000006c4300000, 0x00000006c4400000|  0%| F|  |TAMS 0x00000006c4300000, 0x00000006c4300000| Untracked 
|  38|0x00000006c4400000, 0x00000006c4400000, 0x00000006c4500000|  0%| F|  |TAMS 0x00000006c4400000, 0x00000006c4400000| Untracked 
|  39|0x00000006c4500000, 0x00000006c4500000, 0x00000006c4600000|  0%| F|  |TAMS 0x00000006c4500000, 0x00000006c4500000| Untracked 
|  40|0x00000006c4600000, 0x00000006c4600000, 0x00000006c4700000|  0%| F|  |TAMS 0x00000006c4600000, 0x00000006c4600000| Untracked 
|  41|0x00000006c4700000, 0x00000006c4700000, 0x00000006c4800000|  0%| F|  |TAMS 0x00000006c4700000, 0x00000006c4700000| Untracked 
|  42|0x00000006c4800000, 0x00000006c4800000, 0x00000006c4900000|  0%| F|  |TAMS 0x00000006c4800000, 0x00000006c4800000| Untracked 
|  43|0x00000006c4900000, 0x00000006c4900000, 0x00000006c4a00000|  0%| F|  |TAMS 0x00000006c4900000, 0x00000006c4900000| Untracked 
|  44|0x00000006c4a00000, 0x00000006c4a00000, 0x00000006c4b00000|  0%| F|  |TAMS 0x00000006c4a00000, 0x00000006c4a00000| Untracked 
|  45|0x00000006c4b00000, 0x00000006c4b00000, 0x00000006c4c00000|  0%| F|  |TAMS 0x00000006c4b00000, 0x00000006c4b00000| Untracked 
|  46|0x00000006c4c00000, 0x00000006c4c00000, 0x00000006c4d00000|  0%| F|  |TAMS 0x00000006c4c00000, 0x00000006c4c00000| Untracked 
|  47|0x00000006c4d00000, 0x00000006c4d00000, 0x00000006c4e00000|  0%| F|  |TAMS 0x00000006c4d00000, 0x00000006c4d00000| Untracked 
|  48|0x00000006c4e00000, 0x00000006c4e00000, 0x00000006c4f00000|  0%| F|  |TAMS 0x00000006c4e00000, 0x00000006c4e00000| Untracked 
|  49|0x00000006c4f00000, 0x00000006c4f00000, 0x00000006c5000000|  0%| F|  |TAMS 0x00000006c4f00000, 0x00000006c4f00000| Untracked 
|  50|0x00000006c5000000, 0x00000006c5000000, 0x00000006c5100000|  0%| F|  |TAMS 0x00000006c5000000, 0x00000006c5000000| Untracked 
|  51|0x00000006c5100000, 0x00000006c5100000, 0x00000006c5200000|  0%| F|  |TAMS 0x00000006c5100000, 0x00000006c5100000| Untracked 
|  52|0x00000006c5200000, 0x00000006c5200000, 0x00000006c5300000|  0%| F|  |TAMS 0x00000006c5200000, 0x00000006c5200000| Untracked 
|  53|0x00000006c5300000, 0x00000006c5300000, 0x00000006c5400000|  0%| F|  |TAMS 0x00000006c5300000, 0x00000006c5300000| Untracked 
|  54|0x00000006c5400000, 0x00000006c5400000, 0x00000006c5500000|  0%| F|  |TAMS 0x00000006c5400000, 0x00000006c5400000| Untracked 
|  55|0x00000006c5500000, 0x00000006c5500000, 0x00000006c5600000|  0%| F|  |TAMS 0x00000006c5500000, 0x00000006c5500000| Untracked 
|  56|0x00000006c5600000, 0x00000006c5600000, 0x00000006c5700000|  0%| F|  |TAMS 0x00000006c5600000, 0x00000006c5600000| Untracked 
|  57|0x00000006c5700000, 0x00000006c5700000, 0x00000006c5800000|  0%| F|  |TAMS 0x00000006c5700000, 0x00000006c5700000| Untracked 
|  58|0x00000006c5800000, 0x00000006c5800000, 0x00000006c5900000|  0%| F|  |TAMS 0x00000006c5800000, 0x00000006c5800000| Untracked 
|  59|0x00000006c5900000, 0x00000006c5900000, 0x00000006c5a00000|  0%| F|  |TAMS 0x00000006c5900000, 0x00000006c5900000| Untracked 
|  60|0x00000006c5a00000, 0x00000006c5a00000, 0x00000006c5b00000|  0%| F|  |TAMS 0x00000006c5a00000, 0x00000006c5a00000| Untracked 
|  61|0x00000006c5b00000, 0x00000006c5b00000, 0x00000006c5c00000|  0%| F|  |TAMS 0x00000006c5b00000, 0x00000006c5b00000| Untracked 
|  62|0x00000006c5c00000, 0x00000006c5c00000, 0x00000006c5d00000|  0%| F|  |TAMS 0x00000006c5c00000, 0x00000006c5c00000| Untracked 
|  63|0x00000006c5d00000, 0x00000006c5d00000, 0x00000006c5e00000|  0%| F|  |TAMS 0x00000006c5d00000, 0x00000006c5d00000| Untracked 
|  64|0x00000006c5e00000, 0x00000006c5e00000, 0x00000006c5f00000|  0%| F|  |TAMS 0x00000006c5e00000, 0x00000006c5e00000| Untracked 
|  65|0x00000006c5f00000, 0x00000006c5f00000, 0x00000006c6000000|  0%| F|  |TAMS 0x00000006c5f00000, 0x00000006c5f00000| Untracked 
|  66|0x00000006c6000000, 0x00000006c6000000, 0x00000006c6100000|  0%| F|  |TAMS 0x00000006c6000000, 0x00000006c6000000| Untracked 
|  67|0x00000006c6100000, 0x00000006c6100000, 0x00000006c6200000|  0%| F|  |TAMS 0x00000006c6100000, 0x00000006c6100000| Untracked 
|  68|0x00000006c6200000, 0x00000006c6200000, 0x00000006c6300000|  0%| F|  |TAMS 0x00000006c6200000, 0x00000006c6200000| Untracked 
|  69|0x00000006c6300000, 0x00000006c6300000, 0x00000006c6400000|  0%| F|  |TAMS 0x00000006c6300000, 0x00000006c6300000| Untracked 
|  70|0x00000006c6400000, 0x00000006c6400000, 0x00000006c6500000|  0%| F|  |TAMS 0x00000006c6400000, 0x00000006c6400000| Untracked 
|  71|0x00000006c6500000, 0x00000006c6500000, 0x00000006c6600000|  0%| F|  |TAMS 0x00000006c6500000, 0x00000006c6500000| Untracked 
|  72|0x00000006c6600000, 0x00000006c6600000, 0x00000006c6700000|  0%| F|  |TAMS 0x00000006c6600000, 0x00000006c6600000| Untracked 
|  73|0x00000006c6700000, 0x00000006c6700000, 0x00000006c6800000|  0%| F|  |TAMS 0x00000006c6700000, 0x00000006c6700000| Untracked 
|  74|0x00000006c6800000, 0x00000006c6800000, 0x00000006c6900000|  0%| F|  |TAMS 0x00000006c6800000, 0x00000006c6800000| Untracked 
|  75|0x00000006c6900000, 0x00000006c6900000, 0x00000006c6a00000|  0%| F|  |TAMS 0x00000006c6900000, 0x00000006c6900000| Untracked 
|  76|0x00000006c6a00000, 0x00000006c6a00000, 0x00000006c6b00000|  0%| F|  |TAMS 0x00000006c6a00000, 0x00000006c6a00000| Untracked 
|  77|0x00000006c6b00000, 0x00000006c6b00000, 0x00000006c6c00000|  0%| F|  |TAMS 0x00000006c6b00000, 0x00000006c6b00000| Untracked 
|  78|0x00000006c6c00000, 0x00000006c6c00000, 0x00000006c6d00000|  0%| F|  |TAMS 0x00000006c6c00000, 0x00000006c6c00000| Untracked 
|  79|0x00000006c6d00000, 0x00000006c6d00000, 0x00000006c6e00000|  0%| F|  |TAMS 0x00000006c6d00000, 0x00000006c6d00000| Untracked 
|  80|0x00000006c6e00000, 0x00000006c6e00000, 0x00000006c6f00000|  0%| F|  |TAMS 0x00000006c6e00000, 0x00000006c6e00000| Untracked 
|  81|0x00000006c6f00000, 0x00000006c6f00000, 0x00000006c7000000|  0%| F|  |TAMS 0x00000006c6f00000, 0x00000006c6f00000| Untracked 
|  82|0x00000006c7000000, 0x00000006c7000000, 0x00000006c7100000|  0%| F|  |TAMS 0x00000006c7000000, 0x00000006c7000000| Untracked 
|  83|0x00000006c7100000, 0x00000006c7100000, 0x00000006c7200000|  0%| F|  |TAMS 0x00000006c7100000, 0x00000006c7100000| Untracked 
|  84|0x00000006c7200000, 0x00000006c7200000, 0x00000006c7300000|  0%| F|  |TAMS 0x00000006c7200000, 0x00000006c7200000| Untracked 
|  85|0x00000006c7300000, 0x00000006c7300000, 0x00000006c7400000|  0%| F|  |TAMS 0x00000006c7300000, 0x00000006c7300000| Untracked 
|  86|0x00000006c7400000, 0x00000006c7400000, 0x00000006c7500000|  0%| F|  |TAMS 0x00000006c7400000, 0x00000006c7400000| Untracked 
|  87|0x00000006c7500000, 0x00000006c7500000, 0x00000006c7600000|  0%| F|  |TAMS 0x00000006c7500000, 0x00000006c7500000| Untracked 
|  88|0x00000006c7600000, 0x00000006c7600000, 0x00000006c7700000|  0%| F|  |TAMS 0x00000006c7600000, 0x00000006c7600000| Untracked 
|  89|0x00000006c7700000, 0x00000006c7700000, 0x00000006c7800000|  0%| F|  |TAMS 0x00000006c7700000, 0x00000006c7700000| Untracked 
|  90|0x00000006c7800000, 0x00000006c7800000, 0x00000006c7900000|  0%| F|  |TAMS 0x00000006c7800000, 0x00000006c7800000| Untracked 
|  91|0x00000006c7900000, 0x00000006c7900000, 0x00000006c7a00000|  0%| F|  |TAMS 0x00000006c7900000, 0x00000006c7900000| Untracked 
|  92|0x00000006c7a00000, 0x00000006c7a00000, 0x00000006c7b00000|  0%| F|  |TAMS 0x00000006c7a00000, 0x00000006c7a00000| Untracked 
|  93|0x00000006c7b00000, 0x00000006c7b00000, 0x00000006c7c00000|  0%| F|  |TAMS 0x00000006c7b00000, 0x00000006c7b00000| Untracked 
|  94|0x00000006c7c00000, 0x00000006c7c00000, 0x00000006c7d00000|  0%| F|  |TAMS 0x00000006c7c00000, 0x00000006c7c00000| Untracked 
|  95|0x00000006c7d00000, 0x00000006c7d00000, 0x00000006c7e00000|  0%| F|  |TAMS 0x00000006c7d00000, 0x00000006c7d00000| Untracked 
|  96|0x00000006c7e00000, 0x00000006c7e00000, 0x00000006c7f00000|  0%| F|  |TAMS 0x00000006c7e00000, 0x00000006c7e00000| Untracked 
|  97|0x00000006c7f00000, 0x00000006c7f00000, 0x00000006c8000000|  0%| F|  |TAMS 0x00000006c7f00000, 0x00000006c7f00000| Untracked 
|  98|0x00000006c8000000, 0x00000006c8000000, 0x00000006c8100000|  0%| F|  |TAMS 0x00000006c8000000, 0x00000006c8000000| Untracked 
|  99|0x00000006c8100000, 0x00000006c8100000, 0x00000006c8200000|  0%| F|  |TAMS 0x00000006c8100000, 0x00000006c8100000| Untracked 
| 100|0x00000006c8200000, 0x00000006c8200000, 0x00000006c8300000|  0%| F|  |TAMS 0x00000006c8200000, 0x00000006c8200000| Untracked 
| 101|0x00000006c8300000, 0x00000006c8300000, 0x00000006c8400000|  0%| F|  |TAMS 0x00000006c8300000, 0x00000006c8300000| Untracked 
| 102|0x00000006c8400000, 0x00000006c8400000, 0x00000006c8500000|  0%| F|  |TAMS 0x00000006c8400000, 0x00000006c8400000| Untracked 
| 103|0x00000006c8500000, 0x00000006c8500000, 0x00000006c8600000|  0%| F|  |TAMS 0x00000006c8500000, 0x00000006c8500000| Untracked 
| 104|0x00000006c8600000, 0x00000006c8600000, 0x00000006c8700000|  0%| F|  |TAMS 0x00000006c8600000, 0x00000006c8600000| Untracked 
| 105|0x00000006c8700000, 0x00000006c8700000, 0x00000006c8800000|  0%| F|  |TAMS 0x00000006c8700000, 0x00000006c8700000| Untracked 
| 106|0x00000006c8800000, 0x00000006c8800000, 0x00000006c8900000|  0%| F|  |TAMS 0x00000006c8800000, 0x00000006c8800000| Untracked 
| 107|0x00000006c8900000, 0x00000006c8900000, 0x00000006c8a00000|  0%| F|  |TAMS 0x00000006c8900000, 0x00000006c8900000| Untracked 
| 108|0x00000006c8a00000, 0x00000006c8a00000, 0x00000006c8b00000|  0%| F|  |TAMS 0x00000006c8a00000, 0x00000006c8a00000| Untracked 
| 109|0x00000006c8b00000, 0x00000006c8b00000, 0x00000006c8c00000|  0%| F|  |TAMS 0x00000006c8b00000, 0x00000006c8b00000| Untracked 
| 110|0x00000006c8c00000, 0x00000006c8c00000, 0x00000006c8d00000|  0%| F|  |TAMS 0x00000006c8c00000, 0x00000006c8c00000| Untracked 
| 111|0x00000006c8d00000, 0x00000006c8d00000, 0x00000006c8e00000|  0%| F|  |TAMS 0x00000006c8d00000, 0x00000006c8d00000| Untracked 
| 112|0x00000006c8e00000, 0x00000006c8e00000, 0x00000006c8f00000|  0%| F|  |TAMS 0x00000006c8e00000, 0x00000006c8e00000| Untracked 
| 113|0x00000006c8f00000, 0x00000006c8f00000, 0x00000006c9000000|  0%| F|  |TAMS 0x00000006c8f00000, 0x00000006c8f00000| Untracked 
| 114|0x00000006c9000000, 0x00000006c9000000, 0x00000006c9100000|  0%| F|  |TAMS 0x00000006c9000000, 0x00000006c9000000| Untracked 
| 115|0x00000006c9100000, 0x00000006c9100000, 0x00000006c9200000|  0%| F|  |TAMS 0x00000006c9100000, 0x00000006c9100000| Untracked 
| 116|0x00000006c9200000, 0x00000006c9200000, 0x00000006c9300000|  0%| F|  |TAMS 0x00000006c9200000, 0x00000006c9200000| Untracked 
| 117|0x00000006c9300000, 0x00000006c9300000, 0x00000006c9400000|  0%| F|  |TAMS 0x00000006c9300000, 0x00000006c9300000| Untracked 
| 118|0x00000006c9400000, 0x00000006c9400000, 0x00000006c9500000|  0%| F|  |TAMS 0x00000006c9400000, 0x00000006c9400000| Untracked 
| 119|0x00000006c9500000, 0x00000006c9500000, 0x00000006c9600000|  0%| F|  |TAMS 0x00000006c9500000, 0x00000006c9500000| Untracked 
| 120|0x00000006c9600000, 0x00000006c9600000, 0x00000006c9700000|  0%| F|  |TAMS 0x00000006c9600000, 0x00000006c9600000| Untracked 
| 121|0x00000006c9700000, 0x00000006c9700000, 0x00000006c9800000|  0%| F|  |TAMS 0x00000006c9700000, 0x00000006c9700000| Untracked 
| 122|0x00000006c9800000, 0x00000006c9800000, 0x00000006c9900000|  0%| F|  |TAMS 0x00000006c9800000, 0x00000006c9800000| Untracked 
| 123|0x00000006c9900000, 0x00000006c9900000, 0x00000006c9a00000|  0%| F|  |TAMS 0x00000006c9900000, 0x00000006c9900000| Untracked 
| 124|0x00000006c9a00000, 0x00000006c9a00000, 0x00000006c9b00000|  0%| F|  |TAMS 0x00000006c9a00000, 0x00000006c9a00000| Untracked 
| 125|0x00000006c9b00000, 0x00000006c9b00000, 0x00000006c9c00000|  0%| F|  |TAMS 0x00000006c9b00000, 0x00000006c9b00000| Untracked 
| 126|0x00000006c9c00000, 0x00000006c9c00000, 0x00000006c9d00000|  0%| F|  |TAMS 0x00000006c9c00000, 0x00000006c9c00000| Untracked 
| 127|0x00000006c9d00000, 0x00000006c9d00000, 0x00000006c9e00000|  0%| F|  |TAMS 0x00000006c9d00000, 0x00000006c9d00000| Untracked 
| 128|0x00000006c9e00000, 0x00000006c9e00000, 0x00000006c9f00000|  0%| F|  |TAMS 0x00000006c9e00000, 0x00000006c9e00000| Untracked 
| 129|0x00000006c9f00000, 0x00000006c9f00000, 0x00000006ca000000|  0%| F|  |TAMS 0x00000006c9f00000, 0x00000006c9f00000| Untracked 
| 130|0x00000006ca000000, 0x00000006ca000000, 0x00000006ca100000|  0%| F|  |TAMS 0x00000006ca000000, 0x00000006ca000000| Untracked 
| 131|0x00000006ca100000, 0x00000006ca100000, 0x00000006ca200000|  0%| F|  |TAMS 0x00000006ca100000, 0x00000006ca100000| Untracked 
| 132|0x00000006ca200000, 0x00000006ca200000, 0x00000006ca300000|  0%| F|  |TAMS 0x00000006ca200000, 0x00000006ca200000| Untracked 
| 133|0x00000006ca300000, 0x00000006ca300000, 0x00000006ca400000|  0%| F|  |TAMS 0x00000006ca300000, 0x00000006ca300000| Untracked 
| 134|0x00000006ca400000, 0x00000006ca400000, 0x00000006ca500000|  0%| F|  |TAMS 0x00000006ca400000, 0x00000006ca400000| Untracked 
| 135|0x00000006ca500000, 0x00000006ca500000, 0x00000006ca600000|  0%| F|  |TAMS 0x00000006ca500000, 0x00000006ca500000| Untracked 
| 136|0x00000006ca600000, 0x00000006ca600000, 0x00000006ca700000|  0%| F|  |TAMS 0x00000006ca600000, 0x00000006ca600000| Untracked 
| 137|0x00000006ca700000, 0x00000006ca700000, 0x00000006ca800000|  0%| F|  |TAMS 0x00000006ca700000, 0x00000006ca700000| Untracked 
| 138|0x00000006ca800000, 0x00000006ca800000, 0x00000006ca900000|  0%| F|  |TAMS 0x00000006ca800000, 0x00000006ca800000| Untracked 
| 139|0x00000006ca900000, 0x00000006ca900000, 0x00000006caa00000|  0%| F|  |TAMS 0x00000006ca900000, 0x00000006ca900000| Untracked 
| 140|0x00000006caa00000, 0x00000006caa00000, 0x00000006cab00000|  0%| F|  |TAMS 0x00000006caa00000, 0x00000006caa00000| Untracked 
| 141|0x00000006cab00000, 0x00000006cab00000, 0x00000006cac00000|  0%| F|  |TAMS 0x00000006cab00000, 0x00000006cab00000| Untracked 
| 142|0x00000006cac00000, 0x00000006cac00000, 0x00000006cad00000|  0%| F|  |TAMS 0x00000006cac00000, 0x00000006cac00000| Untracked 
| 143|0x00000006cad00000, 0x00000006cad00000, 0x00000006cae00000|  0%| F|  |TAMS 0x00000006cad00000, 0x00000006cad00000| Untracked 
| 144|0x00000006cae00000, 0x00000006cae00000, 0x00000006caf00000|  0%| F|  |TAMS 0x00000006cae00000, 0x00000006cae00000| Untracked 
| 145|0x00000006caf00000, 0x00000006caf00000, 0x00000006cb000000|  0%| F|  |TAMS 0x00000006caf00000, 0x00000006caf00000| Untracked 
| 146|0x00000006cb000000, 0x00000006cb000000, 0x00000006cb100000|  0%| F|  |TAMS 0x00000006cb000000, 0x00000006cb000000| Untracked 
| 147|0x00000006cb100000, 0x00000006cb100000, 0x00000006cb200000|  0%| F|  |TAMS 0x00000006cb100000, 0x00000006cb100000| Untracked 
| 148|0x00000006cb200000, 0x00000006cb200000, 0x00000006cb300000|  0%| F|  |TAMS 0x00000006cb200000, 0x00000006cb200000| Untracked 
| 149|0x00000006cb300000, 0x00000006cb300000, 0x00000006cb400000|  0%| F|  |TAMS 0x00000006cb300000, 0x00000006cb300000| Untracked 
| 150|0x00000006cb400000, 0x00000006cb400000, 0x00000006cb500000|  0%| F|  |TAMS 0x00000006cb400000, 0x00000006cb400000| Untracked 
| 151|0x00000006cb500000, 0x00000006cb500000, 0x00000006cb600000|  0%| F|  |TAMS 0x00000006cb500000, 0x00000006cb500000| Untracked 
| 152|0x00000006cb600000, 0x00000006cb600000, 0x00000006cb700000|  0%| F|  |TAMS 0x00000006cb600000, 0x00000006cb600000| Untracked 
| 153|0x00000006cb700000, 0x00000006cb700000, 0x00000006cb800000|  0%| F|  |TAMS 0x00000006cb700000, 0x00000006cb700000| Untracked 
| 154|0x00000006cb800000, 0x00000006cb800000, 0x00000006cb900000|  0%| F|  |TAMS 0x00000006cb800000, 0x00000006cb800000| Untracked 
| 155|0x00000006cb900000, 0x00000006cb900000, 0x00000006cba00000|  0%| F|  |TAMS 0x00000006cb900000, 0x00000006cb900000| Untracked 
| 156|0x00000006cba00000, 0x00000006cba00000, 0x00000006cbb00000|  0%| F|  |TAMS 0x00000006cba00000, 0x00000006cba00000| Untracked 
| 157|0x00000006cbb00000, 0x00000006cbb00000, 0x00000006cbc00000|  0%| F|  |TAMS 0x00000006cbb00000, 0x00000006cbb00000| Untracked 
| 158|0x00000006cbc00000, 0x00000006cbc00000, 0x00000006cbd00000|  0%| F|  |TAMS 0x00000006cbc00000, 0x00000006cbc00000| Untracked 
| 159|0x00000006cbd00000, 0x00000006cbd00000, 0x00000006cbe00000|  0%| F|  |TAMS 0x00000006cbd00000, 0x00000006cbd00000| Untracked 
| 160|0x00000006cbe00000, 0x00000006cbe00000, 0x00000006cbf00000|  0%| F|  |TAMS 0x00000006cbe00000, 0x00000006cbe00000| Untracked 
| 161|0x00000006cbf00000, 0x00000006cbf00000, 0x00000006cc000000|  0%| F|  |TAMS 0x00000006cbf00000, 0x00000006cbf00000| Untracked 
| 162|0x00000006cc000000, 0x00000006cc000000, 0x00000006cc100000|  0%| F|  |TAMS 0x00000006cc000000, 0x00000006cc000000| Untracked 
| 163|0x00000006cc100000, 0x00000006cc100000, 0x00000006cc200000|  0%| F|  |TAMS 0x00000006cc100000, 0x00000006cc100000| Untracked 
| 164|0x00000006cc200000, 0x00000006cc200000, 0x00000006cc300000|  0%| F|  |TAMS 0x00000006cc200000, 0x00000006cc200000| Untracked 
| 165|0x00000006cc300000, 0x00000006cc300000, 0x00000006cc400000|  0%| F|  |TAMS 0x00000006cc300000, 0x00000006cc300000| Untracked 
| 166|0x00000006cc400000, 0x00000006cc400000, 0x00000006cc500000|  0%| F|  |TAMS 0x00000006cc400000, 0x00000006cc400000| Untracked 
| 167|0x00000006cc500000, 0x00000006cc500000, 0x00000006cc600000|  0%| F|  |TAMS 0x00000006cc500000, 0x00000006cc500000| Untracked 
| 168|0x00000006cc600000, 0x00000006cc600000, 0x00000006cc700000|  0%| F|  |TAMS 0x00000006cc600000, 0x00000006cc600000| Untracked 
| 169|0x00000006cc700000, 0x00000006cc700000, 0x00000006cc800000|  0%| F|  |TAMS 0x00000006cc700000, 0x00000006cc700000| Untracked 
| 170|0x00000006cc800000, 0x00000006cc800000, 0x00000006cc900000|  0%| F|  |TAMS 0x00000006cc800000, 0x00000006cc800000| Untracked 
| 171|0x00000006cc900000, 0x00000006cc900000, 0x00000006cca00000|  0%| F|  |TAMS 0x00000006cc900000, 0x00000006cc900000| Untracked 
| 172|0x00000006cca00000, 0x00000006cca00000, 0x00000006ccb00000|  0%| F|  |TAMS 0x00000006cca00000, 0x00000006cca00000| Untracked 
| 173|0x00000006ccb00000, 0x00000006ccb00000, 0x00000006ccc00000|  0%| F|  |TAMS 0x00000006ccb00000, 0x00000006ccb00000| Untracked 
| 174|0x00000006ccc00000, 0x00000006ccc00000, 0x00000006ccd00000|  0%| F|  |TAMS 0x00000006ccc00000, 0x00000006ccc00000| Untracked 
| 175|0x00000006ccd00000, 0x00000006ccd00000, 0x00000006cce00000|  0%| F|  |TAMS 0x00000006ccd00000, 0x00000006ccd00000| Untracked 
| 176|0x00000006cce00000, 0x00000006cce00000, 0x00000006ccf00000|  0%| F|  |TAMS 0x00000006cce00000, 0x00000006cce00000| Untracked 
| 177|0x00000006ccf00000, 0x00000006ccf00000, 0x00000006cd000000|  0%| F|  |TAMS 0x00000006ccf00000, 0x00000006ccf00000| Untracked 
| 178|0x00000006cd000000, 0x00000006cd000000, 0x00000006cd100000|  0%| F|  |TAMS 0x00000006cd000000, 0x00000006cd000000| Untracked 
| 179|0x00000006cd100000, 0x00000006cd100000, 0x00000006cd200000|  0%| F|  |TAMS 0x00000006cd100000, 0x00000006cd100000| Untracked 
| 180|0x00000006cd200000, 0x00000006cd200000, 0x00000006cd300000|  0%| F|  |TAMS 0x00000006cd200000, 0x00000006cd200000| Untracked 
| 181|0x00000006cd300000, 0x00000006cd300000, 0x00000006cd400000|  0%| F|  |TAMS 0x00000006cd300000, 0x00000006cd300000| Untracked 
| 182|0x00000006cd400000, 0x00000006cd400000, 0x00000006cd500000|  0%| F|  |TAMS 0x00000006cd400000, 0x00000006cd400000| Untracked 
| 183|0x00000006cd500000, 0x00000006cd500000, 0x00000006cd600000|  0%| F|  |TAMS 0x00000006cd500000, 0x00000006cd500000| Untracked 
| 184|0x00000006cd600000, 0x00000006cd600000, 0x00000006cd700000|  0%| F|  |TAMS 0x00000006cd600000, 0x00000006cd600000| Untracked 
| 185|0x00000006cd700000, 0x00000006cd700000, 0x00000006cd800000|  0%| F|  |TAMS 0x00000006cd700000, 0x00000006cd700000| Untracked 
| 186|0x00000006cd800000, 0x00000006cd800000, 0x00000006cd900000|  0%| F|  |TAMS 0x00000006cd800000, 0x00000006cd800000| Untracked 
| 187|0x00000006cd900000, 0x00000006cd900000, 0x00000006cda00000|  0%| F|  |TAMS 0x00000006cd900000, 0x00000006cd900000| Untracked 
| 188|0x00000006cda00000, 0x00000006cda00000, 0x00000006cdb00000|  0%| F|  |TAMS 0x00000006cda00000, 0x00000006cda00000| Untracked 
| 189|0x00000006cdb00000, 0x00000006cdb00000, 0x00000006cdc00000|  0%| F|  |TAMS 0x00000006cdb00000, 0x00000006cdb00000| Untracked 
| 190|0x00000006cdc00000, 0x00000006cdc00000, 0x00000006cdd00000|  0%| F|  |TAMS 0x00000006cdc00000, 0x00000006cdc00000| Untracked 
| 191|0x00000006cdd00000, 0x00000006cdd00000, 0x00000006cde00000|  0%| F|  |TAMS 0x00000006cdd00000, 0x00000006cdd00000| Untracked 
| 192|0x00000006cde00000, 0x00000006cde00000, 0x00000006cdf00000|  0%| F|  |TAMS 0x00000006cde00000, 0x00000006cde00000| Untracked 
| 193|0x00000006cdf00000, 0x00000006cdf00000, 0x00000006ce000000|  0%| F|  |TAMS 0x00000006cdf00000, 0x00000006cdf00000| Untracked 
| 194|0x00000006ce000000, 0x00000006ce000000, 0x00000006ce100000|  0%| F|  |TAMS 0x00000006ce000000, 0x00000006ce000000| Untracked 
| 195|0x00000006ce100000, 0x00000006ce100000, 0x00000006ce200000|  0%| F|  |TAMS 0x00000006ce100000, 0x00000006ce100000| Untracked 
| 196|0x00000006ce200000, 0x00000006ce200000, 0x00000006ce300000|  0%| F|  |TAMS 0x00000006ce200000, 0x00000006ce200000| Untracked 
| 197|0x00000006ce300000, 0x00000006ce300000, 0x00000006ce400000|  0%| F|  |TAMS 0x00000006ce300000, 0x00000006ce300000| Untracked 
| 198|0x00000006ce400000, 0x00000006ce400000, 0x00000006ce500000|  0%| F|  |TAMS 0x00000006ce400000, 0x00000006ce400000| Untracked 
| 199|0x00000006ce500000, 0x00000006ce500000, 0x00000006ce600000|  0%| F|  |TAMS 0x00000006ce500000, 0x00000006ce500000| Untracked 
| 200|0x00000006ce600000, 0x00000006ce600000, 0x00000006ce700000|  0%| F|  |TAMS 0x00000006ce600000, 0x00000006ce600000| Untracked 
| 201|0x00000006ce700000, 0x00000006ce700000, 0x00000006ce800000|  0%| F|  |TAMS 0x00000006ce700000, 0x00000006ce700000| Untracked 
| 202|0x00000006ce800000, 0x00000006ce800000, 0x00000006ce900000|  0%| F|  |TAMS 0x00000006ce800000, 0x00000006ce800000| Untracked 
| 203|0x00000006ce900000, 0x00000006ce900000, 0x00000006cea00000|  0%| F|  |TAMS 0x00000006ce900000, 0x00000006ce900000| Untracked 
| 204|0x00000006cea00000, 0x00000006cea00000, 0x00000006ceb00000|  0%| F|  |TAMS 0x00000006cea00000, 0x00000006cea00000| Untracked 
| 205|0x00000006ceb00000, 0x00000006ceb00000, 0x00000006cec00000|  0%| F|  |TAMS 0x00000006ceb00000, 0x00000006ceb00000| Untracked 
| 206|0x00000006cec00000, 0x00000006cec00000, 0x00000006ced00000|  0%| F|  |TAMS 0x00000006cec00000, 0x00000006cec00000| Untracked 
| 207|0x00000006ced00000, 0x00000006ced00000, 0x00000006cee00000|  0%| F|  |TAMS 0x00000006ced00000, 0x00000006ced00000| Untracked 
| 208|0x00000006cee00000, 0x00000006cee00000, 0x00000006cef00000|  0%| F|  |TAMS 0x00000006cee00000, 0x00000006cee00000| Untracked 
| 209|0x00000006cef00000, 0x00000006cef00000, 0x00000006cf000000|  0%| F|  |TAMS 0x00000006cef00000, 0x00000006cef00000| Untracked 
| 210|0x00000006cf000000, 0x00000006cf000000, 0x00000006cf100000|  0%| F|  |TAMS 0x00000006cf000000, 0x00000006cf000000| Untracked 
| 211|0x00000006cf100000, 0x00000006cf100000, 0x00000006cf200000|  0%| F|  |TAMS 0x00000006cf100000, 0x00000006cf100000| Untracked 
| 212|0x00000006cf200000, 0x00000006cf200000, 0x00000006cf300000|  0%| F|  |TAMS 0x00000006cf200000, 0x00000006cf200000| Untracked 
| 213|0x00000006cf300000, 0x00000006cf300000, 0x00000006cf400000|  0%| F|  |TAMS 0x00000006cf300000, 0x00000006cf300000| Untracked 
| 214|0x00000006cf400000, 0x00000006cf400000, 0x00000006cf500000|  0%| F|  |TAMS 0x00000006cf400000, 0x00000006cf400000| Untracked 
| 215|0x00000006cf500000, 0x00000006cf500000, 0x00000006cf600000|  0%| F|  |TAMS 0x00000006cf500000, 0x00000006cf500000| Untracked 
| 216|0x00000006cf600000, 0x00000006cf600000, 0x00000006cf700000|  0%| F|  |TAMS 0x00000006cf600000, 0x00000006cf600000| Untracked 
| 217|0x00000006cf700000, 0x00000006cf700000, 0x00000006cf800000|  0%| F|  |TAMS 0x00000006cf700000, 0x00000006cf700000| Untracked 
| 218|0x00000006cf800000, 0x00000006cf800000, 0x00000006cf900000|  0%| F|  |TAMS 0x00000006cf800000, 0x00000006cf800000| Untracked 
| 219|0x00000006cf900000, 0x00000006cf900000, 0x00000006cfa00000|  0%| F|  |TAMS 0x00000006cf900000, 0x00000006cf900000| Untracked 
| 220|0x00000006cfa00000, 0x00000006cfa00000, 0x00000006cfb00000|  0%| F|  |TAMS 0x00000006cfa00000, 0x00000006cfa00000| Untracked 
| 221|0x00000006cfb00000, 0x00000006cfb00000, 0x00000006cfc00000|  0%| F|  |TAMS 0x00000006cfb00000, 0x00000006cfb00000| Untracked 
| 222|0x00000006cfc00000, 0x00000006cfc00000, 0x00000006cfd00000|  0%| F|  |TAMS 0x00000006cfc00000, 0x00000006cfc00000| Untracked 
| 223|0x00000006cfd00000, 0x00000006cfd00000, 0x00000006cfe00000|  0%| F|  |TAMS 0x00000006cfd00000, 0x00000006cfd00000| Untracked 
| 224|0x00000006cfe00000, 0x00000006cfe00000, 0x00000006cff00000|  0%| F|  |TAMS 0x00000006cfe00000, 0x00000006cfe00000| Untracked 
| 225|0x00000006cff00000, 0x00000006cff00000, 0x00000006d0000000|  0%| F|  |TAMS 0x00000006cff00000, 0x00000006cff00000| Untracked 
| 226|0x00000006d0000000, 0x00000006d0000000, 0x00000006d0100000|  0%| F|  |TAMS 0x00000006d0000000, 0x00000006d0000000| Untracked 
| 227|0x00000006d0100000, 0x00000006d0100000, 0x00000006d0200000|  0%| F|  |TAMS 0x00000006d0100000, 0x00000006d0100000| Untracked 
| 228|0x00000006d0200000, 0x00000006d0200000, 0x00000006d0300000|  0%| F|  |TAMS 0x00000006d0200000, 0x00000006d0200000| Untracked 
| 229|0x00000006d0300000, 0x00000006d0300000, 0x00000006d0400000|  0%| F|  |TAMS 0x00000006d0300000, 0x00000006d0300000| Untracked 
| 230|0x00000006d0400000, 0x00000006d0400000, 0x00000006d0500000|  0%| F|  |TAMS 0x00000006d0400000, 0x00000006d0400000| Untracked 
| 231|0x00000006d0500000, 0x00000006d0500000, 0x00000006d0600000|  0%| F|  |TAMS 0x00000006d0500000, 0x00000006d0500000| Untracked 
| 232|0x00000006d0600000, 0x00000006d0600000, 0x00000006d0700000|  0%| F|  |TAMS 0x00000006d0600000, 0x00000006d0600000| Untracked 
| 233|0x00000006d0700000, 0x00000006d0700000, 0x00000006d0800000|  0%| F|  |TAMS 0x00000006d0700000, 0x00000006d0700000| Untracked 
| 234|0x00000006d0800000, 0x00000006d0800000, 0x00000006d0900000|  0%| F|  |TAMS 0x00000006d0800000, 0x00000006d0800000| Untracked 
| 235|0x00000006d0900000, 0x00000006d0900000, 0x00000006d0a00000|  0%| F|  |TAMS 0x00000006d0900000, 0x00000006d0900000| Untracked 
| 236|0x00000006d0a00000, 0x00000006d0a00000, 0x00000006d0b00000|  0%| F|  |TAMS 0x00000006d0a00000, 0x00000006d0a00000| Untracked 
| 237|0x00000006d0b00000, 0x00000006d0b00000, 0x00000006d0c00000|  0%| F|  |TAMS 0x00000006d0b00000, 0x00000006d0b00000| Untracked 
| 238|0x00000006d0c00000, 0x00000006d0c00000, 0x00000006d0d00000|  0%| F|  |TAMS 0x00000006d0c00000, 0x00000006d0c00000| Untracked 
| 239|0x00000006d0d00000, 0x00000006d0d00000, 0x00000006d0e00000|  0%| F|  |TAMS 0x00000006d0d00000, 0x00000006d0d00000| Untracked 
| 240|0x00000006d0e00000, 0x00000006d0e00000, 0x00000006d0f00000|  0%| F|  |TAMS 0x00000006d0e00000, 0x00000006d0e00000| Untracked 
| 241|0x00000006d0f00000, 0x00000006d0f00000, 0x00000006d1000000|  0%| F|  |TAMS 0x00000006d0f00000, 0x00000006d0f00000| Untracked 
| 242|0x00000006d1000000, 0x00000006d1000000, 0x00000006d1100000|  0%| F|  |TAMS 0x00000006d1000000, 0x00000006d1000000| Untracked 
| 243|0x00000006d1100000, 0x00000006d1100000, 0x00000006d1200000|  0%| F|  |TAMS 0x00000006d1100000, 0x00000006d1100000| Untracked 
| 244|0x00000006d1200000, 0x00000006d1200000, 0x00000006d1300000|  0%| F|  |TAMS 0x00000006d1200000, 0x00000006d1200000| Untracked 
| 245|0x00000006d1300000, 0x00000006d1300000, 0x00000006d1400000|  0%| F|  |TAMS 0x00000006d1300000, 0x00000006d1300000| Untracked 
| 246|0x00000006d1400000, 0x00000006d1400000, 0x00000006d1500000|  0%| F|  |TAMS 0x00000006d1400000, 0x00000006d1400000| Untracked 
| 247|0x00000006d1500000, 0x00000006d1500000, 0x00000006d1600000|  0%| F|  |TAMS 0x00000006d1500000, 0x00000006d1500000| Untracked 
| 248|0x00000006d1600000, 0x00000006d1600000, 0x00000006d1700000|  0%| F|  |TAMS 0x00000006d1600000, 0x00000006d1600000| Untracked 
| 249|0x00000006d1700000, 0x00000006d1700000, 0x00000006d1800000|  0%| F|  |TAMS 0x00000006d1700000, 0x00000006d1700000| Untracked 
| 250|0x00000006d1800000, 0x00000006d1800000, 0x00000006d1900000|  0%| F|  |TAMS 0x00000006d1800000, 0x00000006d1800000| Untracked 
| 251|0x00000006d1900000, 0x00000006d1900000, 0x00000006d1a00000|  0%| F|  |TAMS 0x00000006d1900000, 0x00000006d1900000| Untracked 
| 252|0x00000006d1a00000, 0x00000006d1a00000, 0x00000006d1b00000|  0%| F|  |TAMS 0x00000006d1a00000, 0x00000006d1a00000| Untracked 
| 253|0x00000006d1b00000, 0x00000006d1b00000, 0x00000006d1c00000|  0%| F|  |TAMS 0x00000006d1b00000, 0x00000006d1b00000| Untracked 
| 254|0x00000006d1c00000, 0x00000006d1c00000, 0x00000006d1d00000|  0%| F|  |TAMS 0x00000006d1c00000, 0x00000006d1c00000| Untracked 
| 255|0x00000006d1d00000, 0x00000006d1d00000, 0x00000006d1e00000|  0%| F|  |TAMS 0x00000006d1d00000, 0x00000006d1d00000| Untracked 
| 256|0x00000006d1e00000, 0x00000006d1e00000, 0x00000006d1f00000|  0%| F|  |TAMS 0x00000006d1e00000, 0x00000006d1e00000| Untracked 
| 257|0x00000006d1f00000, 0x00000006d1f00000, 0x00000006d2000000|  0%| F|  |TAMS 0x00000006d1f00000, 0x00000006d1f00000| Untracked 
| 258|0x00000006d2000000, 0x00000006d2000000, 0x00000006d2100000|  0%| F|  |TAMS 0x00000006d2000000, 0x00000006d2000000| Untracked 
| 259|0x00000006d2100000, 0x00000006d2100000, 0x00000006d2200000|  0%| F|  |TAMS 0x00000006d2100000, 0x00000006d2100000| Untracked 
| 260|0x00000006d2200000, 0x00000006d2200000, 0x00000006d2300000|  0%| F|  |TAMS 0x00000006d2200000, 0x00000006d2200000| Untracked 
| 261|0x00000006d2300000, 0x00000006d2300000, 0x00000006d2400000|  0%| F|  |TAMS 0x00000006d2300000, 0x00000006d2300000| Untracked 
| 262|0x00000006d2400000, 0x00000006d2400000, 0x00000006d2500000|  0%| F|  |TAMS 0x00000006d2400000, 0x00000006d2400000| Untracked 
| 263|0x00000006d2500000, 0x00000006d2500000, 0x00000006d2600000|  0%| F|  |TAMS 0x00000006d2500000, 0x00000006d2500000| Untracked 
| 264|0x00000006d2600000, 0x00000006d2600000, 0x00000006d2700000|  0%| F|  |TAMS 0x00000006d2600000, 0x00000006d2600000| Untracked 
| 265|0x00000006d2700000, 0x00000006d2700000, 0x00000006d2800000|  0%| F|  |TAMS 0x00000006d2700000, 0x00000006d2700000| Untracked 
| 266|0x00000006d2800000, 0x00000006d2800000, 0x00000006d2900000|  0%| F|  |TAMS 0x00000006d2800000, 0x00000006d2800000| Untracked 
| 267|0x00000006d2900000, 0x00000006d2900000, 0x00000006d2a00000|  0%| F|  |TAMS 0x00000006d2900000, 0x00000006d2900000| Untracked 
| 268|0x00000006d2a00000, 0x00000006d2a00000, 0x00000006d2b00000|  0%| F|  |TAMS 0x00000006d2a00000, 0x00000006d2a00000| Untracked 
| 269|0x00000006d2b00000, 0x00000006d2b00000, 0x00000006d2c00000|  0%| F|  |TAMS 0x00000006d2b00000, 0x00000006d2b00000| Untracked 
| 270|0x00000006d2c00000, 0x00000006d2c00000, 0x00000006d2d00000|  0%| F|  |TAMS 0x00000006d2c00000, 0x00000006d2c00000| Untracked 
| 271|0x00000006d2d00000, 0x00000006d2d00000, 0x00000006d2e00000|  0%| F|  |TAMS 0x00000006d2d00000, 0x00000006d2d00000| Untracked 
| 272|0x00000006d2e00000, 0x00000006d2e00000, 0x00000006d2f00000|  0%| F|  |TAMS 0x00000006d2e00000, 0x00000006d2e00000| Untracked 
| 273|0x00000006d2f00000, 0x00000006d2f00000, 0x00000006d3000000|  0%| F|  |TAMS 0x00000006d2f00000, 0x00000006d2f00000| Untracked 
| 274|0x00000006d3000000, 0x00000006d3000000, 0x00000006d3100000|  0%| F|  |TAMS 0x00000006d3000000, 0x00000006d3000000| Untracked 
| 275|0x00000006d3100000, 0x00000006d3100000, 0x00000006d3200000|  0%| F|  |TAMS 0x00000006d3100000, 0x00000006d3100000| Untracked 
| 276|0x00000006d3200000, 0x00000006d3200000, 0x00000006d3300000|  0%| F|  |TAMS 0x00000006d3200000, 0x00000006d3200000| Untracked 
| 277|0x00000006d3300000, 0x00000006d3300000, 0x00000006d3400000|  0%| F|  |TAMS 0x00000006d3300000, 0x00000006d3300000| Untracked 
| 278|0x00000006d3400000, 0x00000006d3400000, 0x00000006d3500000|  0%| F|  |TAMS 0x00000006d3400000, 0x00000006d3400000| Untracked 
| 279|0x00000006d3500000, 0x00000006d3500000, 0x00000006d3600000|  0%| F|  |TAMS 0x00000006d3500000, 0x00000006d3500000| Untracked 
| 280|0x00000006d3600000, 0x00000006d3600000, 0x00000006d3700000|  0%| F|  |TAMS 0x00000006d3600000, 0x00000006d3600000| Untracked 
| 281|0x00000006d3700000, 0x00000006d3700000, 0x00000006d3800000|  0%| F|  |TAMS 0x00000006d3700000, 0x00000006d3700000| Untracked 
| 282|0x00000006d3800000, 0x00000006d3800000, 0x00000006d3900000|  0%| F|  |TAMS 0x00000006d3800000, 0x00000006d3800000| Untracked 
| 283|0x00000006d3900000, 0x00000006d3900000, 0x00000006d3a00000|  0%| F|  |TAMS 0x00000006d3900000, 0x00000006d3900000| Untracked 
| 284|0x00000006d3a00000, 0x00000006d3a00000, 0x00000006d3b00000|  0%| F|  |TAMS 0x00000006d3a00000, 0x00000006d3a00000| Untracked 
| 285|0x00000006d3b00000, 0x00000006d3b00000, 0x00000006d3c00000|  0%| F|  |TAMS 0x00000006d3b00000, 0x00000006d3b00000| Untracked 
| 286|0x00000006d3c00000, 0x00000006d3c00000, 0x00000006d3d00000|  0%| F|  |TAMS 0x00000006d3c00000, 0x00000006d3c00000| Untracked 
| 287|0x00000006d3d00000, 0x00000006d3d00000, 0x00000006d3e00000|  0%| F|  |TAMS 0x00000006d3d00000, 0x00000006d3d00000| Untracked 
| 288|0x00000006d3e00000, 0x00000006d3e00000, 0x00000006d3f00000|  0%| F|  |TAMS 0x00000006d3e00000, 0x00000006d3e00000| Untracked 
| 289|0x00000006d3f00000, 0x00000006d3f00000, 0x00000006d4000000|  0%| F|  |TAMS 0x00000006d3f00000, 0x00000006d3f00000| Untracked 
| 290|0x00000006d4000000, 0x00000006d4080800, 0x00000006d4100000| 50%| E|  |TAMS 0x00000006d4000000, 0x00000006d4000000| Complete 
| 291|0x00000006d4100000, 0x00000006d4200000, 0x00000006d4200000|100%| E|CS|TAMS 0x00000006d4100000, 0x00000006d4100000| Complete 
| 292|0x00000006d4200000, 0x00000006d4300000, 0x00000006d4300000|100%| E|CS|TAMS 0x00000006d4200000, 0x00000006d4200000| Complete 
| 293|0x00000006d4300000, 0x00000006d4400000, 0x00000006d4400000|100%| E|CS|TAMS 0x00000006d4300000, 0x00000006d4300000| Complete 
| 294|0x00000006d4400000, 0x00000006d4500000, 0x00000006d4500000|100%| E|CS|TAMS 0x00000006d4400000, 0x00000006d4400000| Complete 
| 295|0x00000006d4500000, 0x00000006d4600000, 0x00000006d4600000|100%| E|CS|TAMS 0x00000006d4500000, 0x00000006d4500000| Complete 
| 296|0x00000006d4600000, 0x00000006d4700000, 0x00000006d4700000|100%| E|CS|TAMS 0x00000006d4600000, 0x00000006d4600000| Complete 
| 297|0x00000006d4700000, 0x00000006d4800000, 0x00000006d4800000|100%| E|CS|TAMS 0x00000006d4700000, 0x00000006d4700000| Complete 
| 298|0x00000006d4800000, 0x00000006d4900000, 0x00000006d4900000|100%| E|CS|TAMS 0x00000006d4800000, 0x00000006d4800000| Complete 
| 299|0x00000006d4900000, 0x00000006d4a00000, 0x00000006d4a00000|100%| E|CS|TAMS 0x00000006d4900000, 0x00000006d4900000| Complete 
| 300|0x00000006d4a00000, 0x00000006d4b00000, 0x00000006d4b00000|100%| E|CS|TAMS 0x00000006d4a00000, 0x00000006d4a00000| Complete 
| 301|0x00000006d4b00000, 0x00000006d4c00000, 0x00000006d4c00000|100%| E|CS|TAMS 0x00000006d4b00000, 0x00000006d4b00000| Complete 
| 302|0x00000006d4c00000, 0x00000006d4cec0f8, 0x00000006d4d00000| 92%| S|CS|TAMS 0x00000006d4c00000, 0x00000006d4c00000| Complete 
| 303|0x00000006d4d00000, 0x00000006d4e00000, 0x00000006d4e00000|100%| S|CS|TAMS 0x00000006d4d00000, 0x00000006d4d00000| Complete 
| 304|0x00000006d4e00000, 0x00000006d4f00000, 0x00000006d4f00000|100%| E|CS|TAMS 0x00000006d4e00000, 0x00000006d4e00000| Complete 
| 305|0x00000006d4f00000, 0x00000006d5000000, 0x00000006d5000000|100%| E|CS|TAMS 0x00000006d4f00000, 0x00000006d4f00000| Complete 
| 306|0x00000006d5000000, 0x00000006d5100000, 0x00000006d5100000|100%| E|CS|TAMS 0x00000006d5000000, 0x00000006d5000000| Complete 
| 307|0x00000006d5100000, 0x00000006d5200000, 0x00000006d5200000|100%| E|CS|TAMS 0x00000006d5100000, 0x00000006d5100000| Complete 
| 308|0x00000006d5200000, 0x00000006d5300000, 0x00000006d5300000|100%| E|CS|TAMS 0x00000006d5200000, 0x00000006d5200000| Complete 
| 309|0x00000006d5300000, 0x00000006d5400000, 0x00000006d5400000|100%| E|CS|TAMS 0x00000006d5300000, 0x00000006d5300000| Complete 
| 310|0x00000006d5400000, 0x00000006d5500000, 0x00000006d5500000|100%| E|CS|TAMS 0x00000006d5400000, 0x00000006d5400000| Complete 
| 311|0x00000006d5500000, 0x00000006d5600000, 0x00000006d5600000|100%| E|CS|TAMS 0x00000006d5500000, 0x00000006d5500000| Complete 
| 312|0x00000006d5600000, 0x00000006d5700000, 0x00000006d5700000|100%| E|CS|TAMS 0x00000006d5600000, 0x00000006d5600000| Complete 
| 313|0x00000006d5700000, 0x00000006d5800000, 0x00000006d5800000|100%| E|CS|TAMS 0x00000006d5700000, 0x00000006d5700000| Complete 
| 314|0x00000006d5800000, 0x00000006d5900000, 0x00000006d5900000|100%| E|CS|TAMS 0x00000006d5800000, 0x00000006d5800000| Complete 
| 315|0x00000006d5900000, 0x00000006d5a00000, 0x00000006d5a00000|100%| E|CS|TAMS 0x00000006d5900000, 0x00000006d5900000| Complete 
| 316|0x00000006d5a00000, 0x00000006d5b00000, 0x00000006d5b00000|100%| E|CS|TAMS 0x00000006d5a00000, 0x00000006d5a00000| Complete 
| 317|0x00000006d5b00000, 0x00000006d5c00000, 0x00000006d5c00000|100%| E|CS|TAMS 0x00000006d5b00000, 0x00000006d5b00000| Complete 
| 318|0x00000006d5c00000, 0x00000006d5d00000, 0x00000006d5d00000|100%| E|CS|TAMS 0x00000006d5c00000, 0x00000006d5c00000| Complete 
| 319|0x00000006d5d00000, 0x00000006d5e00000, 0x00000006d5e00000|100%| E|CS|TAMS 0x00000006d5d00000, 0x00000006d5d00000| Complete 

Card table byte_map: [0x0000026498b20000,0x0000026499520000] _byte_map_base: 0x0000026495511000

Marking Bits (Prev, Next): (CMBitMap*) 0x00000264f699e8b0, (CMBitMap*) 0x00000264f699e878
 Prev Bits: [0x000002649eeb0000, 0x00000264a3e38000)
 Next Bits: [0x0000026499f20000, 0x000002649eea8000)

Polling page: 0x0000026480000000

Metaspace:

Usage:
  Non-class:     23.30 MB capacity,    22.89 MB ( 98%) used,   331.23 KB (  1%) free+waste,    86.13 KB ( <1%) overhead. 
      Class:      3.13 MB capacity,     2.83 MB ( 90%) used,   265.85 KB (  8%) free+waste,    42.00 KB (  1%) overhead. 
       Both:     26.43 MB capacity,    25.72 MB ( 97%) used,   597.08 KB (  2%) free+waste,   128.13 KB ( <1%) overhead. 

Virtual space:
  Non-class space:       24.00 MB reserved,      23.42 MB ( 98%) committed 
      Class space:        1.00 GB reserved,       3.25 MB ( <1%) committed 
             Both:        1.02 GB reserved,      26.67 MB (  3%) committed 

Chunk freelists:
   Non-Class:  63.00 KB
       Class:  26.00 KB
        Both:  89.00 KB

MaxMetaspaceSize: 17179869184.00 GB
CompressedClassSpaceSize: 1.00 GB
Initial GC threshold: 20.80 MB
Current GC threshold: 35.08 MB
CDS: off

CodeHeap 'non-profiled nmethods': size=120000Kb used=850Kb max_used=850Kb free=119149Kb
 bounds [0x0000026490150000, 0x00000264903c0000, 0x0000026497680000]
CodeHeap 'profiled nmethods': size=120000Kb used=4970Kb max_used=4970Kb free=115029Kb
 bounds [0x0000026488c20000, 0x0000026489100000, 0x0000026490150000]
CodeHeap 'non-nmethods': size=5760Kb used=1220Kb max_used=1235Kb free=4539Kb
 bounds [0x0000026488680000, 0x00000264888f0000, 0x0000026488c20000]
 total_blobs=2931 nmethods=2450 adapters=391
 compilation: enabled
              stopped_count=0, restarted_count=0
 full_count=0

Compilation events (20 events):
Event: 8.401 Thread 0x00000264a735e800 2353       3       java.io.StringReader::ensureOpen (18 bytes)
Event: 8.401 Thread 0x00000264a735e800 nmethod 2353 0x00000264890c9990 code [0x00000264890c9b60, 0x00000264890c9d68]
Event: 8.401 Thread 0x00000264a735e800 2354       3       java.lang.Module::canRead (86 bytes)
Event: 8.405 Thread 0x00000264a735e800 nmethod 2354 0x00000264890c9e10 code [0x00000264890ca1c0, 0x00000264890cbf48]
Event: 8.406 Thread 0x00000264a735e800 2357   !   3       java.lang.invoke.MethodHandles$Lookup::canBeCached (150 bytes)
Event: 8.413 Thread 0x00000264a735e800 nmethod 2357 0x00000264890cc710 code [0x00000264890ccb40, 0x00000264890ceca8]
Event: 8.413 Thread 0x00000264a735e800 2355       3       java.lang.invoke.MethodHandles$Lookup::resolveOrFail (39 bytes)
Event: 8.415 Thread 0x00000264a735e800 nmethod 2355 0x00000264890cf810 code [0x00000264890cfae0, 0x00000264890d07c8]
Event: 8.415 Thread 0x00000264a735e800 2356       3       java.lang.invoke.MethodHandles$Lookup::getDirectMethodForConstant (72 bytes)
Event: 8.419 Thread 0x00000264a735e800 nmethod 2356 0x00000264890d0c10 code [0x00000264890d0fa0, 0x00000264890d2608]
Event: 8.422 Thread 0x00000264a735e800 2358       3       java.util.regex.Pattern$$Lambda$77/0x00000008000ce440::is (13 bytes)
Event: 8.422 Thread 0x00000264a735e800 nmethod 2358 0x00000264890d2d90 code [0x00000264890d2f60, 0x00000264890d3318]
Event: 8.422 Thread 0x00000264a735e800 2361       3       java.util.regex.Matcher::start (22 bytes)
Event: 8.423 Thread 0x00000264a735e800 nmethod 2361 0x00000264890d3490 code [0x00000264890d3660, 0x00000264890d3888]
Event: 8.423 Thread 0x00000264a735e800 2360       3       java.util.regex.Matcher::end (67 bytes)
Event: 8.424 Thread 0x00000264a735e800 nmethod 2360 0x00000264890d3990 code [0x00000264890d3c20, 0x00000264890d46a8]
Event: 8.424 Thread 0x00000264a735e800 2359       3       java.util.regex.Pattern::lambda$union$4 (26 bytes)
Event: 8.425 Thread 0x00000264a735e800 nmethod 2359 0x00000264890d4a90 code [0x00000264890d4c60, 0x00000264890d4f78]
Event: 8.425 Thread 0x00000264a735e800 2362       3       jdk.internal.misc.VM::isModuleSystemInited (13 bytes)
Event: 8.425 Thread 0x00000264a735e800 nmethod 2362 0x00000264890d5090 code [0x00000264890d5240, 0x00000264890d53d8]

GC Heap History (6 events):
Event: 1.580 GC heap before
{Heap before GC invocations=0 (full 0):
 garbage-first heap   total 327680K, used 23552K [0x00000006c1e00000, 0x0000000800000000)
  region size 1024K, 24 young (24576K), 0 survivors (0K)
 Metaspace       used 12888K, capacity 13235K, committed 13440K, reserved 1060864K
  class space    used 1187K, capacity 1290K, committed 1408K, reserved 1048576K
}
Event: 1.590 GC heap after
{Heap after GC invocations=1 (full 0):
 garbage-first heap   total 327680K, used 5997K [0x00000006c1e00000, 0x0000000800000000)
  region size 1024K, 3 young (3072K), 3 survivors (3072K)
 Metaspace       used 12888K, capacity 13235K, committed 13440K, reserved 1060864K
  class space    used 1187K, capacity 1290K, committed 1408K, reserved 1048576K
}
Event: 2.492 GC heap before
{Heap before GC invocations=1 (full 0):
 garbage-first heap   total 327680K, used 27501K [0x00000006c1e00000, 0x0000000800000000)
  region size 1024K, 24 young (24576K), 3 survivors (3072K)
 Metaspace       used 17224K, capacity 17622K, committed 17792K, reserved 1064960K
  class space    used 1708K, capacity 1838K, committed 1920K, reserved 1048576K
}
Event: 2.499 GC heap after
{Heap after GC invocations=2 (full 0):
 garbage-first heap   total 327680K, used 7081K [0x00000006c1e00000, 0x0000000800000000)
  region size 1024K, 1 young (1024K), 1 survivors (1024K)
 Metaspace       used 17224K, capacity 17622K, committed 17792K, reserved 1064960K
  class space    used 1708K, capacity 1838K, committed 1920K, reserved 1048576K
}
Event: 3.244 GC heap before
{Heap before GC invocations=2 (full 0):
 garbage-first heap   total 327680K, used 22441K [0x00000006c1e00000, 0x0000000800000000)
  region size 1024K, 17 young (17408K), 1 survivors (1024K)
 Metaspace       used 20641K, capacity 21134K, committed 21296K, reserved 1069056K
  class space    used 2192K, capacity 2375K, committed 2432K, reserved 1048576K
}
Event: 3.251 GC heap after
{Heap after GC invocations=3 (full 0):
 garbage-first heap   total 327680K, used 8032K [0x00000006c1e00000, 0x0000000800000000)
  region size 1024K, 2 young (2048K), 2 survivors (2048K)
 Metaspace       used 20641K, capacity 21134K, committed 21296K, reserved 1069056K
  class space    used 2192K, capacity 2375K, committed 2432K, reserved 1048576K
}

Deoptimization events (20 events):
Event: 4.262 Thread 0x00000264f8afb800 Uncommon trap: trap_request=0xffffff4d fr.pc=0x00000264901ea144 relative=0x00000000000000a4
Event: 4.263 Thread 0x00000264f8afb800 Uncommon trap: reason=unstable_if action=reinterpret pc=0x00000264901ea144 method=java.lang.CharacterDataLatin1.digit(II)I @ 12 c2
Event: 4.263 Thread 0x00000264f8afb800 DEOPT PACKING pc=0x00000264901ea144 sp=0x000000bf574fb4d0
Event: 4.263 Thread 0x00000264f8afb800 DEOPT UNPACKING pc=0x00000264886ca1af sp=0x000000bf574fb448 mode 2
Event: 8.390 Thread 0x00000264f8afb800 Uncommon trap: trap_request=0xffffffde fr.pc=0x000002649021a844 relative=0x00000000000004e4
Event: 8.390 Thread 0x00000264f8afb800 Uncommon trap: reason=class_check action=maybe_recompile pc=0x000002649021a844 method=org.openqa.selenium.json.Input.init()V @ 18 c2
Event: 8.390 Thread 0x00000264f8afb800 DEOPT PACKING pc=0x000002649021a844 sp=0x000000bf574fbe80
Event: 8.390 Thread 0x00000264f8afb800 DEOPT UNPACKING pc=0x00000264886ca1af sp=0x000000bf574fbe58 mode 2
Event: 8.390 Thread 0x00000264f8afb800 Uncommon trap: trap_request=0xffffffde fr.pc=0x000002649021a844 relative=0x00000000000004e4
Event: 8.390 Thread 0x00000264f8afb800 Uncommon trap: reason=class_check action=maybe_recompile pc=0x000002649021a844 method=org.openqa.selenium.json.Input.init()V @ 18 c2
Event: 8.390 Thread 0x00000264f8afb800 DEOPT PACKING pc=0x000002649021a844 sp=0x000000bf574fb9d0
Event: 8.390 Thread 0x00000264f8afb800 DEOPT UNPACKING pc=0x00000264886ca1af sp=0x000000bf574fb9a8 mode 2
Event: 8.391 Thread 0x00000264f8afb800 Uncommon trap: trap_request=0xffffffde fr.pc=0x000002649021a844 relative=0x00000000000004e4
Event: 8.391 Thread 0x00000264f8afb800 Uncommon trap: reason=class_check action=maybe_recompile pc=0x000002649021a844 method=org.openqa.selenium.json.Input.init()V @ 18 c2
Event: 8.391 Thread 0x00000264f8afb800 DEOPT PACKING pc=0x000002649021a844 sp=0x000000bf574fb420
Event: 8.391 Thread 0x00000264f8afb800 DEOPT UNPACKING pc=0x00000264886ca1af sp=0x000000bf574fb3f8 mode 2
Event: 8.391 Thread 0x00000264f8afb800 Uncommon trap: trap_request=0xffffffde fr.pc=0x000002649021a844 relative=0x00000000000004e4
Event: 8.391 Thread 0x00000264f8afb800 Uncommon trap: reason=class_check action=maybe_recompile pc=0x000002649021a844 method=org.openqa.selenium.json.Input.init()V @ 18 c2
Event: 8.391 Thread 0x00000264f8afb800 DEOPT PACKING pc=0x000002649021a844 sp=0x000000bf574fb420
Event: 8.391 Thread 0x00000264f8afb800 DEOPT UNPACKING pc=0x00000264886ca1af sp=0x000000bf574fb3f8 mode 2

Classes redefined (0 events):
No events

Internal exceptions (20 events):
Event: 2.467 Thread 0x00000264f8afb800 Exception <a 'java/lang/NoSuchMethodError'{0x00000006d49306d8}: 'java.lang.Object java.lang.invoke.DirectMethodHandle$Holder.invokeSpecialIFC(java.lang.Object, java.lang.Object, java.lang.Object, java.lang.Object, java.lang.Object)'> (0x00000006d49306d8) thrown at [./src/hotspot/share/interpreter/linkResolver.cpp, line 773]
Event: 2.761 Thread 0x00000264f8afb800 Exception <a 'java/lang/NoSuchMethodError'{0x00000006d5881ce0}: 'java.lang.Object java.lang.invoke.DirectMethodHandle$Holder.invokeStatic(java.lang.Object, java.lang.Object, java.lang.Object, int)'> (0x00000006d5881ce0) thrown at [./src/hotspot/share/interpreter/linkResolver.cpp, line 773]
Event: 2.761 Thread 0x00000264f8afb800 Exception <a 'java/lang/NoSuchMethodError'{0x00000006d58851d8}: 'java.lang.Object java.lang.invoke.DirectMethodHandle$Holder.invokeStaticInit(java.lang.Object, java.lang.Object, java.lang.Object, int)'> (0x00000006d58851d8) thrown at [./src/hotspot/share/interpreter/linkResolver.cpp, line 773]
Event: 2.766 Thread 0x00000264f8afb800 Exception <a 'java/lang/NoSuchMethodError'{0x00000006d589e500}: 'java.lang.Object java.lang.invoke.DirectMethodHandle$Holder.invokeStatic(java.lang.Object, java.lang.Object, java.lang.Object, java.lang.Object, java.lang.Object, java.lang.Object, java.lang.Object, int)'> (0x00000006d589e500) thrown at [./src/hotspot/share/interpreter/linkResolver.cpp, line 773]
Event: 2.766 Thread 0x00000264f8afb800 Exception <a 'java/lang/NoSuchMethodError'{0x00000006d58a2338}: 'java.lang.Object java.lang.invoke.DirectMethodHandle$Holder.invokeStaticInit(java.lang.Object, java.lang.Object, java.lang.Object, java.lang.Object, java.lang.Object, java.lang.Object, java.lang.Object, int)'> (0x00000006d58a2338) thrown at [./src/hotspot/share/interpreter/linkResolver.cpp, line 773]
Event: 2.801 Thread 0x00000264f8afb800 Exception <a 'java/lang/NoSuchMethodError'{0x00000006d57206a0}: 'java.lang.Object java.lang.invoke.DirectMethodHandle$Holder.invokeSpecial(java.lang.Object, java.lang.Object, java.lang.Object, java.lang.Object, int)'> (0x00000006d57206a0) thrown at [./src/hotspot/share/interpreter/linkResolver.cpp, line 773]
Event: 2.801 Thread 0x00000264f8afb800 Exception <a 'java/lang/NoSuchMethodError'{0x00000006d5723b38}: 'java.lang.Object java.lang.invoke.Invokers$Holder.linkToTargetMethod(java.lang.Object, java.lang.Object, int, java.lang.Object)'> (0x00000006d5723b38) thrown at [./src/hotspot/share/interpreter/linkResolver.cpp, line 773]
Event: 3.601 Thread 0x00000264f8afb800 Exception <a 'sun/nio/fs/WindowsException'{0x00000006d56e9aa8}> (0x00000006d56e9aa8) thrown at [./src/hotspot/share/prims/jni.cpp, line 616]
Event: 3.617 Thread 0x00000264f8afb800 Exception <a 'java/lang/NoSuchMethodError'{0x00000006d5505950}: 'int java.lang.invoke.DirectMethodHandle$Holder.invokeStaticInit(java.lang.Object, java.lang.Object, java.lang.Object, java.lang.Object)'> (0x00000006d5505950) thrown at [./src/hotspot/share/interpreter/linkResolver.cpp, line 773]
Event: 3.619 Thread 0x00000264f8afb800 Exception <a 'java/lang/NoSuchMethodError'{0x00000006d5510e68}: 'void java.lang.invoke.DirectMethodHandle$Holder.invokeStaticInit(java.lang.Object, java.lang.Object)'> (0x00000006d5510e68) thrown at [./src/hotspot/share/interpreter/linkResolver.cpp, line 773]
Event: 3.867 Thread 0x00000264f8afb800 Exception <a 'java/lang/NoSuchMethodError'{0x00000006d53f84f0}: 'java.lang.Object java.lang.invoke.DirectMethodHandle$Holder.invokeStaticInit(java.lang.Object, java.lang.Object, java.lang.Object)'> (0x00000006d53f84f0) thrown at [./src/hotspot/share/interpreter/linkResolver.cpp, line 773]
Event: 3.900 Thread 0x00000264f8afb800 Exception <a 'java/lang/NoSuchMethodError'{0x00000006d52b4640}: 'double java.lang.invoke.DirectMethodHandle$Holder.invokeVirtual(java.lang.Object, java.lang.Object)'> (0x00000006d52b4640) thrown at [./src/hotspot/share/interpreter/linkResolver.cpp, line 773]
Event: 3.901 Thread 0x00000264f8afb800 Exception <a 'java/lang/NoSuchMethodError'{0x00000006d52ba410}: 'float java.lang.invoke.DirectMethodHandle$Holder.invokeVirtual(java.lang.Object, java.lang.Object)'> (0x00000006d52ba410) thrown at [./src/hotspot/share/interpreter/linkResolver.cpp, line 773]
Event: 3.903 Thread 0x00000264f8afb800 Exception <a 'java/lang/NoSuchMethodError'{0x00000006d52c5b28}: 'long java.lang.invoke.DirectMethodHandle$Holder.invokeVirtual(java.lang.Object, java.lang.Object)'> (0x00000006d52c5b28) thrown at [./src/hotspot/share/interpreter/linkResolver.cpp, line 773]
Event: 3.912 Thread 0x00000264f8afb800 Exception <a 'java/lang/NoSuchMethodError'{0x00000006d5102158}: 'java.lang.Object java.lang.invoke.DirectMethodHandle$Holder.invokeVirtual(java.lang.Object, java.lang.Object, java.lang.Object)'> (0x00000006d5102158) thrown at [./src/hotspot/share/interpreter/linkResolver.cpp, line 773]
Event: 4.062 Thread 0x00000264f8afb800 Exception <a 'java/lang/NoSuchMethodError'{0x00000006d4b3fec0}: 'void java.lang.invoke.DirectMethodHandle$Holder.invokeStatic(java.lang.Object, java.lang.Object, java.lang.Object, java.lang.Object, java.lang.Object)'> (0x00000006d4b3fec0) thrown at [./src/hotspot/share/interpreter/linkResolver.cpp, line 773]
Event: 8.396 Thread 0x00000264f8afb800 Exception <a 'java/lang/NoSuchMethodError'{0x00000006d42824d8}: 'java.lang.Object java.lang.invoke.DirectMethodHandle$Holder.invokeSpecialIFC(java.lang.Object, java.lang.Object, java.lang.Object)'> (0x00000006d42824d8) thrown at [./src/hotspot/share/interpreter/linkResolver.cpp, line 773]
Event: 8.421 Thread 0x00000264f8afb800 Exception <a 'java/lang/ClassNotFoundException'{0x00000006d42bcfd0}: sun/misc/SharedSecrets> (0x00000006d42bcfd0) thrown at [./src/hotspot/share/classfile/systemDictionary.cpp, line 230]
Event: 8.421 Thread 0x00000264f8afb800 Exception <a 'java/lang/reflect/InvocationTargetException'{0x00000006d42bd7f0}> (0x00000006d42bd7f0) thrown at [./src/hotspot/share/runtime/reflection.cpp, line 1247]
Event: 8.425 Thread 0x00000264f8afb800 Exception <a 'java/lang/reflect/InvocationTargetException'{0x00000006d42c7790}> (0x00000006d42c7790) thrown at [./src/hotspot/share/runtime/reflection.cpp, line 1247]

Events (20 events):
Event: 8.403 loading class org/openqa/selenium/remote/ErrorCodes$KnownError
Event: 8.403 loading class org/openqa/selenium/remote/ErrorCodes$KnownError done
Event: 8.404 loading class java/util/stream/SortedOps$RefSortingSink
Event: 8.404 loading class java/util/stream/SortedOps$RefSortingSink done
Event: 8.405 loading class org/openqa/selenium/remote/ErrorCodes$KnownError
Event: 8.405 loading class org/openqa/selenium/remote/ErrorCodes$KnownError done
Event: 8.406 loading class org/openqa/selenium/remote/ErrorCodes$KnownError
Event: 8.406 loading class org/openqa/selenium/remote/ErrorCodes$KnownError done
Event: 8.419 loading class java/net/InetAddress$CachedLocalHost
Event: 8.419 loading class java/net/InetAddress$CachedLocalHost done
Event: 8.419 loading class com/google/common/base/Throwables
Event: 8.419 loading class com/google/common/base/Throwables done
Event: 8.421 loading class sun/misc/SharedSecrets
Event: 8.421 loading class sun/misc/SharedSecrets done
Event: 8.423 loading class java/lang/StackTraceElement$HashedModules
Event: 8.423 loading class java/lang/StackTraceElement$HashedModules done
Event: 8.425 loading class io/cucumber/core/backend/Pending
Event: 8.425 loading class io/cucumber/core/backend/Pending done
Event: 8.426 loading class io/cucumber/core/runner/UndefinedStepDefinitionException
Event: 8.426 loading class io/cucumber/core/runner/UndefinedStepDefinitionException done


Dynamic libraries:
0x00007ff668990000 - 0x00007ff66899d000 	C:\Users\Onur\.jdks\corretto-11.0.14\bin\java.exe
0x00007ffebeb30000 - 0x00007ffebed25000 	C:\Windows\SYSTEM32\ntdll.dll
0x00007ffebd450000 - 0x00007ffebd50e000 	C:\Windows\System32\KERNEL32.DLL
0x00007ffebc340000 - 0x00007ffebc608000 	C:\Windows\System32\KERNELBASE.dll
0x00007ffebc6c0000 - 0x00007ffebc7c0000 	C:\Windows\System32\ucrtbase.dll
0x00007ffeb7ad0000 - 0x00007ffeb7ae7000 	C:\Users\Onur\.jdks\corretto-11.0.14\bin\jli.dll
0x00007ffeb72f0000 - 0x00007ffeb7309000 	C:\Users\Onur\.jdks\corretto-11.0.14\bin\VCRUNTIME140.dll
0x00007ffebd930000 - 0x00007ffebdad0000 	C:\Windows\System32\USER32.dll
0x00007ffeabe40000 - 0x00007ffeac0da000 	C:\Windows\WinSxS\amd64_microsoft.windows.common-controls_6595b64144ccf1df_6.0.19041.1110_none_60b5254171f9507e\COMCTL32.dll
0x00007ffebc960000 - 0x00007ffebc982000 	C:\Windows\System32\win32u.dll
0x00007ffebd3b0000 - 0x00007ffebd44e000 	C:\Windows\System32\msvcrt.dll
0x00007ffebd690000 - 0x00007ffebd6ba000 	C:\Windows\System32\GDI32.dll
0x00007ffebc850000 - 0x00007ffebc95b000 	C:\Windows\System32\gdi32full.dll
0x00007ffebc250000 - 0x00007ffebc2ed000 	C:\Windows\System32\msvcp_win.dll
0x00007ffebd510000 - 0x00007ffebd540000 	C:\Windows\System32\IMM32.DLL
0x00007ffeb4ab0000 - 0x00007ffeb4b4b000 	C:\Users\Onur\.jdks\corretto-11.0.14\bin\msvcp140.dll
0x00007ffe55d20000 - 0x00007ffe568a3000 	C:\Users\Onur\.jdks\corretto-11.0.14\bin\server\jvm.dll
0x00007ffebe980000 - 0x00007ffebea2e000 	C:\Windows\System32\ADVAPI32.dll
0x00007ffebe810000 - 0x00007ffebe8ac000 	C:\Windows\System32\sechost.dll
0x00007ffebd7e0000 - 0x00007ffebd905000 	C:\Windows\System32\RPCRT4.dll
0x00007ffebdc00000 - 0x00007ffebdc08000 	C:\Windows\System32\PSAPI.DLL
0x00007ffe9f690000 - 0x00007ffe9f6b7000 	C:\Windows\SYSTEM32\WINMM.dll
0x00007ffeb7b40000 - 0x00007ffeb7b49000 	C:\Windows\SYSTEM32\WSOCK32.dll
0x00007ffeb4c70000 - 0x00007ffeb4c7a000 	C:\Windows\SYSTEM32\VERSION.dll
0x00007ffebd620000 - 0x00007ffebd68b000 	C:\Windows\System32\WS2_32.dll
0x00007ffebab50000 - 0x00007ffebab62000 	C:\Windows\SYSTEM32\kernel.appcore.dll
0x00007ffeb72e0000 - 0x00007ffeb72f0000 	C:\Users\Onur\.jdks\corretto-11.0.14\bin\verify.dll
0x00007ffeb7ca0000 - 0x00007ffeb7e84000 	C:\Windows\SYSTEM32\DBGHELP.DLL
0x00007ffeadbe0000 - 0x00007ffeadc0c000 	C:\Windows\SYSTEM32\dbgcore.DLL
0x00007ffebc7c0000 - 0x00007ffebc842000 	C:\Windows\System32\bcryptPrimitives.dll
0x00007ffeb67d0000 - 0x00007ffeb67f8000 	C:\Users\Onur\.jdks\corretto-11.0.14\bin\java.dll
0x00007ffeb72c0000 - 0x00007ffeb72ca000 	C:\Users\Onur\.jdks\corretto-11.0.14\bin\jimage.dll
0x00007ffeb67c0000 - 0x00007ffeb67ce000 	C:\Users\Onur\.jdks\corretto-11.0.14\bin\instrument.dll
0x00007ffeb6210000 - 0x00007ffeb6228000 	C:\Users\Onur\.jdks\corretto-11.0.14\bin\zip.dll
0x00007ffebdf70000 - 0x00007ffebe6b4000 	C:\Windows\System32\SHELL32.dll
0x00007ffeba0e0000 - 0x00007ffeba874000 	C:\Windows\SYSTEM32\windows.storage.dll
0x00007ffebdc10000 - 0x00007ffebdf64000 	C:\Windows\System32\combase.dll
0x00007ffebbbf0000 - 0x00007ffebbc1c000 	C:\Windows\SYSTEM32\Wldp.dll
0x00007ffebe760000 - 0x00007ffebe80d000 	C:\Windows\System32\SHCORE.dll
0x00007ffebd350000 - 0x00007ffebd3a5000 	C:\Windows\System32\shlwapi.dll
0x00007ffebc190000 - 0x00007ffebc1af000 	C:\Windows\SYSTEM32\profapi.dll
0x00007ffeb6190000 - 0x00007ffeb61a9000 	C:\Users\Onur\.jdks\corretto-11.0.14\bin\net.dll
0x00007ffeb24c0000 - 0x00007ffeb25ca000 	C:\Windows\SYSTEM32\WINHTTP.dll
0x00007ffebb950000 - 0x00007ffebb9ba000 	C:\Windows\system32\mswsock.dll
0x00007ffeb60b0000 - 0x00007ffeb60c3000 	C:\Users\Onur\.jdks\corretto-11.0.14\bin\nio.dll
0x00007ffeaa450000 - 0x00007ffeaa46a000 	C:\Program Files\JetBrains\IntelliJ IDEA Community Edition 2021.3.1\bin\breakgen64.dll
0x00007ffebbb50000 - 0x00007ffebbb68000 	C:\Windows\SYSTEM32\CRYPTSP.dll
0x00007ffebb2d0000 - 0x00007ffebb304000 	C:\Windows\system32\rsaenh.dll
0x00007ffebcaf0000 - 0x00007ffebcb17000 	C:\Windows\System32\bcrypt.dll
0x00007ffebc150000 - 0x00007ffebc17e000 	C:\Windows\SYSTEM32\USERENV.dll
0x00007ffebbb40000 - 0x00007ffebbb4c000 	C:\Windows\SYSTEM32\CRYPTBASE.dll
0x00007ffebb640000 - 0x00007ffebb67b000 	C:\Windows\SYSTEM32\IPHLPAPI.DLL
0x00007ffebd000000 - 0x00007ffebd008000 	C:\Windows\System32\NSI.dll
0x00007ffeb4930000 - 0x00007ffeb4947000 	C:\Windows\SYSTEM32\dhcpcsvc6.DLL
0x00007ffeb4f90000 - 0x00007ffeb4fad000 	C:\Windows\SYSTEM32\dhcpcsvc.DLL
0x00007ffebb680000 - 0x00007ffebb74b000 	C:\Windows\SYSTEM32\DNSAPI.dll
0x00007ffea8f10000 - 0x00007ffea8f35000 	C:\Users\Onur\.jdks\corretto-11.0.14\bin\sunec.dll
0x00007ffeb4a30000 - 0x00007ffeb4a3e000 	C:\Users\Onur\.jdks\corretto-11.0.14\bin\sunmscapi.dll
0x00007ffebc990000 - 0x00007ffebcae6000 	C:\Windows\System32\CRYPT32.dll
0x00007ffebbc60000 - 0x00007ffebbc87000 	C:\Windows\SYSTEM32\ncrypt.dll
0x00007ffebbc20000 - 0x00007ffebbc5b000 	C:\Windows\SYSTEM32\NTASN1.dll
0x000000005b940000 - 0x000000005b966000 	C:\Program Files\Bonjour\mdnsNSP.dll
0x00007ffeb1890000 - 0x00007ffeb189a000 	C:\Windows\System32\rasadhlp.dll
0x00007ffeb18b0000 - 0x00007ffeb192f000 	C:\Windows\System32\fwpuclnt.dll
0x00007ffea7f40000 - 0x00007ffea7f57000 	C:\Windows\system32\napinsp.dll
0x00007ffea87d0000 - 0x00007ffea87eb000 	C:\Windows\system32\pnrpnsp.dll
0x00007ffeb6230000 - 0x00007ffeb6245000 	C:\Windows\system32\wshbth.dll
0x00007ffeb78b0000 - 0x00007ffeb78cd000 	C:\Windows\system32\NLAapi.dll
0x00007ffea87b0000 - 0x00007ffea87c2000 	C:\Windows\System32\winrnr.dll

dbghelp: loaded successfully - version: 4.0.5 - missing functions: none
symbol engine: initialized successfully - sym options: 0x614 - pdb path: .;C:\Users\Onur\.jdks\corretto-11.0.14\bin;C:\Windows\SYSTEM32;C:\Windows\WinSxS\amd64_microsoft.windows.common-controls_6595b64144ccf1df_6.0.19041.1110_none_60b5254171f9507e;C:\Users\Onur\.jdks\corretto-11.0.14\bin\server;C:\Program Files\JetBrains\IntelliJ IDEA Community Edition 2021.3.1\bin;C:\Program Files\Bonjour

VM Arguments:
jvm_args: -Dorg.jetbrains.run.directory=D:\mobileTesting\AppiumCucumber\src\test\resources\features -javaagent:C:\Program Files\JetBrains\IntelliJ IDEA Community Edition 2021.3.1\lib\idea_rt.jar=49835:C:\Program Files\JetBrains\IntelliJ IDEA Community Edition 2021.3.1\bin -Dfile.encoding=UTF-8 
java_command: io.cucumber.core.cli.Main --plugin org.jetbrains.plugins.cucumber.java.run.CucumberJvm5SMFormatter --glue stepdefinition D:/mobileTesting/AppiumCucumber/src/test/resources/features/InterwievCalculator.feature
java_class_path (initial): D:\mobileTesting\AppiumCucumber\target\test-classes;C:\Users\Onur\.m2\repository\io\appium\java-client\7.3.0\java-client-7.3.0.jar;C:\Users\Onur\.m2\repository\org\seleniumhq\selenium\selenium-support\3.141.59\selenium-support-3.141.59.jar;C:\Users\Onur\.m2\repository\org\seleniumhq\selenium\selenium-api\3.141.59\selenium-api-3.141.59.jar;C:\Users\Onur\.m2\repository\com\google\code\gson\gson\2.8.5\gson-2.8.5.jar;C:\Users\Onur\.m2\repository\org\apache\httpcomponents\httpclient\4.5.9\httpclient-4.5.9.jar;C:\Users\Onur\.m2\repository\org\apache\httpcomponents\httpcore\4.4.11\httpcore-4.4.11.jar;C:\Users\Onur\.m2\repository\commons-logging\commons-logging\1.2\commons-logging-1.2.jar;C:\Users\Onur\.m2\repository\commons-codec\commons-codec\1.11\commons-codec-1.11.jar;C:\Users\Onur\.m2\repository\cglib\cglib\3.2.12\cglib-3.2.12.jar;C:\Users\Onur\.m2\repository\org\ow2\asm\asm\7.1\asm-7.1.jar;C:\Users\Onur\.m2\repository\commons-validator\commons-validator\1.6\commons-validator-1.6.jar;C:\Users\Onur\.m2\repository\commons-beanutils\commons-beanutils\1.9.2\commons-beanutils-1.9.2.jar;C:\Users\Onur\.m2\repository\commons-digester\commons-digester\1.8.1\commons-digester-1.8.1.jar;C:\Users\Onur\.m2\repository\commons-collections\commons-collections\3.2.2\commons-collections-3.2.2.jar;C:\Users\Onur\.m2\repository\org\apache\commons\commons-lang3\3.9\commons-lang3-3.9.jar;C:\Users\Onur\.m2\repository\commons-io\commons-io\2.6\commons-io-2.6.jar;C:\Users\Onur\.m2\repository\org\springframework\spring-context\5.1.8.RELEASE\spring-context-5.1.8.RELEASE.jar;C:\Users\Onur\.m2\repository\org\springframework\spring-aop\5.1.8.RELEASE\spring-aop-5.1.8.RELEASE.jar;C:\Users\Onur\.m2\repository\org\springframework\spring-beans\5.1.8.RELEASE\spring-beans-5.1.8.RELEASE.jar;C:\Users\Onur\.m2\repository\org\springframework\spring-core\5.1.8.RELEASE\spring-core-5.1.8.RELEASE.jar;C:\Users\Onur\.m2\repository\org\springframework\spring-jcl\5.1.8.RELEASE\spring-jcl-5.
Launcher Type: SUN_STANDARD

[Global flags]
     intx CICompilerCount                          = 4                                         {product} {ergonomic}
     uint ConcGCThreads                            = 2                                         {product} {ergonomic}
     uint G1ConcRefinementThreads                  = 8                                         {product} {ergonomic}
   size_t G1HeapRegionSize                         = 1048576                                   {product} {ergonomic}
    uintx GCDrainStackTargetSize                   = 64                                        {product} {ergonomic}
   size_t InitialHeapSize                          = 335544320                                 {product} {ergonomic}
   size_t MarkStackSize                            = 4194304                                   {product} {ergonomic}
   size_t MaxHeapSize                              = 5337251840                                {product} {ergonomic}
   size_t MaxNewSize                               = 3202351104                                {product} {ergonomic}
   size_t MinHeapDeltaBytes                        = 1048576                                   {product} {ergonomic}
    uintx NonNMethodCodeHeapSize                   = 5836300                                {pd product} {ergonomic}
    uintx NonProfiledCodeHeapSize                  = 122910970                              {pd product} {ergonomic}
    uintx ProfiledCodeHeapSize                     = 122910970                              {pd product} {ergonomic}
    uintx ReservedCodeCacheSize                    = 251658240                              {pd product} {ergonomic}
     bool SegmentedCodeCache                       = true                                      {product} {ergonomic}
     bool UseCompressedClassPointers               = true                                 {lp64_product} {ergonomic}
     bool UseCompressedOops                        = true                                 {lp64_product} {ergonomic}
     bool UseG1GC                                  = true                                      {product} {ergonomic}
     bool UseLargePagesIndividualAllocation        = false                                  {pd product} {ergonomic}

Logging:
Log output configuration:
 #0: stdout all=warning uptime,level,tags
 #1: stderr all=off uptime,level,tags

Environment Variables:
JAVA_HOME=C:\Users\Onur\.jdks\corretto-1.8.0_332
PATH=C:\Program Files\Common Files\Oracle\Java\javapath;C:\Program Files\Common Files\Oracle\Java\javatmp;C:\Windows\system32;C:\Windows;C:\Windows\System32\Wbem;C:\Windows\System32\WindowsPowerShell\v1.0\;C:\Windows\System32\OpenSSH\;C:\Program Files\Git\cmd;C:\Users\Onur\AppData\Local\Android\Sdk\tools;C:\Users\Onur\AppData\Local\Android\Sdk\platform-tools;%JAVA_HOME%\bin;C:\Users\Onur\Documents\curl-7.83.1-win64-mingw\curl-7.83.1-win64-mingw\bin;C:\Program Files\MySQL\MySQL Shell 8.0\bin\;C:\Users\Onur\AppData\Local\Programs\Python\Python39\Scripts\;C:\Users\Onur\AppData\Local\Programs\Python\Python39\;C:\Users\Onur\AppData\Local\Microsoft\WindowsApps;C:\Program Files\apache-maven-3.8.4\bin;C:\Users\Onur\AppData\Local\Programs\Microsoft VS Code\bin;C:\Program Files\Java\jdk-11.0.13\bin;
USERNAME=Onur
OS=Windows_NT
PROCESSOR_IDENTIFIER=Intel64 Family 6 Model 142 Stepping 10, GenuineIntel



---------------  S Y S T E M  ---------------

OS: Windows 10 , 64 bit Build 19041 (10.0.19041.1645)
OS uptime: 13 days 21:13 hours

CPU:total 8 (initial active 8) (4 cores per cpu, 2 threads per core) family 6 model 142 stepping 10 microcode 0xd6, cmov, cx8, fxsr, mmx, sse, sse2, sse3, ssse3, sse4.1, sse4.2, popcnt, avx, avx2, aes, clmul, erms, 3dnowpref, lzcnt, ht, tsc, tscinvbit, bmi1, bmi2, adx, fma

Memory: 4k page, system-wide physical 20354M (946M free)
TotalPageFile size 38873M (AvailPageFile size 45M)
current process WorkingSet (physical memory assigned to process): 122M, peak: 122M
current process commit charge ("private bytes"): 448M, peak: 449M

vm_info: OpenJDK 64-Bit Server VM (11.0.14+9-LTS) for windows-amd64 JRE (11.0.14+9-LTS), built on Jan 15 2022 01:18:46 by "Administrator" with unknown MS VC++:1916

END.
